<?xml version="1.0" encoding="UTF-8"?>
<testsuite xmlns:xsi="http://www.w3.org/2001/XMLSchema-instance" xsi:noNamespaceSchemaLocation="https://maven.apache.org/surefire/maven-surefire-plugin/xsd/surefire-test-report-3.0.xsd" version="3.0" name="com.tus.coupon.integration.CouponRestControllerIntegrationTest" time="0.945" tests="8" errors="0" skipped="0" failures="0">
  <properties>
[...]
</properties>
  <testcase name="shouldHandleLargeDiscountValues" classname="com.tus.coupon.integration.CouponRestControllerIntegrationTest" time="0.036">
    <system-out><![CDATA[2025-08-22T14:57:15.247+01:00  INFO 8528 --- [           main] t.c.s.AnnotationConfigContextLoaderUtils : Could not detect default configuration classes for test class [com.tus.coupon.integration.CouponRestControllerIntegrationTest]: CouponRestControllerIntegrationTest does not declare any static, non-private, non-final, nested classes annotated with @Configuration.
2025-08-22T14:57:15.261+01:00  INFO 8528 --- [           main] .b.t.c.SpringBootTestContextBootstrapper : Found @SpringBootConfiguration com.tus.coupon.CouponserviceApplication for test class com.tus.coupon.integration.CouponRestControllerIntegrationTest

  .   ____          _            __ _ _
 /\\ / ___'_ __ _ _(_)_ __  __ _ \ \ \ \
( ( )\___ | '_ | '_| | '_ \/ _` | \ \ \ \
 \\/  ___)| |_)| | | | | || (_| |  ) ) ) )
  '  |____| .__|_| |_|_| |_\__, | / / / /
 =========|_|==============|___/=/_/_/_/
 :: Spring Boot ::                (v3.1.4)

2025-08-22T14:57:15.304+01:00  INFO 8528 --- [           main] .c.i.CouponRestControllerIntegrationTest : Starting CouponRestControllerIntegrationTest using Java 17.0.12 with PID 8528 (started by kodes in C:\couponservice)
2025-08-22T14:57:15.304+01:00 DEBUG 8528 --- [           main] .c.i.CouponRestControllerIntegrationTest : Running with Spring Boot v3.1.4, Spring v6.0.12
2025-08-22T14:57:15.304+01:00  INFO 8528 --- [           main] .c.i.CouponRestControllerIntegrationTest : The following 1 profile is active: "test"
2025-08-22T14:57:15.306+01:00 DEBUG 8528 --- [           main] o.s.w.c.s.GenericWebApplicationContext   : Refreshing org.springframework.web.context.support.GenericWebApplicationContext@490c059a
2025-08-22T14:57:15.647+01:00  INFO 8528 --- [           main] .s.d.r.c.RepositoryConfigurationDelegate : Bootstrapping Spring Data JPA repositories in DEFAULT mode.
2025-08-22T14:57:15.659+01:00  INFO 8528 --- [           main] .s.d.r.c.RepositoryConfigurationDelegate : Finished Spring Data repository scanning in 12 ms. Found 1 JPA repository interfaces.
2025-08-22T14:57:15.744+01:00  INFO 8528 --- [           main] o.hibernate.jpa.internal.util.LogHelper  : HHH000204: Processing PersistenceUnitInfo [name: default]
2025-08-22T14:57:15.753+01:00  INFO 8528 --- [           main] o.h.b.i.BytecodeProviderInitiator        : HHH000021: Bytecode provider name : bytebuddy
2025-08-22T14:57:15.753+01:00  INFO 8528 --- [           main] o.s.o.j.p.SpringPersistenceUnitInfo      : No LoadTimeWeaver setup: ignoring JPA class transformer
2025-08-22T14:57:15.753+01:00  INFO 8528 --- [           main] com.zaxxer.hikari.HikariDataSource       : HikariPool-2 - Starting...
2025-08-22T14:57:15.755+01:00  INFO 8528 --- [           main] com.zaxxer.hikari.pool.HikariPool        : HikariPool-2 - Added connection conn10: url=jdbc:h2:mem:testdb user=SA
2025-08-22T14:57:15.755+01:00  INFO 8528 --- [           main] com.zaxxer.hikari.HikariDataSource       : HikariPool-2 - Start completed.
2025-08-22T14:57:15.760+01:00  INFO 8528 --- [           main] o.h.b.i.BytecodeProviderInitiator        : HHH000021: Bytecode provider name : bytebuddy
2025-08-22T14:57:15.785+01:00  INFO 8528 --- [           main] o.h.e.t.j.p.i.JtaPlatformInitiator       : HHH000490: Using JtaPlatform implementation: [org.hibernate.engine.transaction.jta.platform.internal.NoJtaPlatform]
2025-08-22T14:57:15.785+01:00 DEBUG 8528 --- [           main] org.hibernate.SQL                        : 
    drop table if exists coupon cascade 
Hibernate: 
    drop table if exists coupon cascade 
2025-08-22T14:57:15.787+01:00 DEBUG 8528 --- [           main] org.hibernate.SQL                        : 
    create table coupon (
        discount numeric(38,2),
        id bigint generated by default as identity,
        code varchar(255),
        exp_date varchar(255),
        primary key (id)
    )
Hibernate: 
    create table coupon (
        discount numeric(38,2),
        id bigint generated by default as identity,
        code varchar(255),
        exp_date varchar(255),
        primary key (id)
    )
2025-08-22T14:57:15.789+01:00  INFO 8528 --- [           main] j.LocalContainerEntityManagerFactoryBean : Initialized JPA EntityManagerFactory for persistence unit 'default'
2025-08-22T14:57:15.855+01:00  WARN 8528 --- [           main] JpaBaseConfiguration$JpaWebConfiguration : spring.jpa.open-in-view is enabled by default. Therefore, database queries may be performed during view rendering. Explicitly configure spring.jpa.open-in-view to disable this warning
2025-08-22T14:57:15.894+01:00 DEBUG 8528 --- [           main] s.w.s.m.m.a.RequestMappingHandlerAdapter : ControllerAdvice beans: 0 @ModelAttribute, 0 @InitBinder, 1 RequestBodyAdvice, 1 ResponseBodyAdvice
2025-08-22T14:57:15.911+01:00 DEBUG 8528 --- [           main] s.w.s.m.m.a.RequestMappingHandlerMapping : 5 mappings in 'requestMappingHandlerMapping'
2025-08-22T14:57:15.918+01:00 DEBUG 8528 --- [           main] o.s.w.s.handler.SimpleUrlHandlerMapping  : Patterns [/webjars/**, /**] in 'resourceHandlerMapping'
2025-08-22T14:57:15.920+01:00 DEBUG 8528 --- [           main] .m.m.a.ExceptionHandlerExceptionResolver : ControllerAdvice beans: 0 @ExceptionHandler, 1 ResponseBodyAdvice
2025-08-22T14:57:15.986+01:00  INFO 8528 --- [           main] o.s.b.a.h2.H2ConsoleAutoConfiguration    : H2 console available at '/h2-console'. Database available at 'jdbc:h2:mem:testdb'
2025-08-22T14:57:15.996+01:00  INFO 8528 --- [           main] o.s.b.t.m.w.SpringBootMockServletContext : Initializing Spring TestDispatcherServlet ''
2025-08-22T14:57:15.996+01:00  INFO 8528 --- [           main] o.s.t.web.servlet.TestDispatcherServlet  : Initializing Servlet ''
2025-08-22T14:57:16.006+01:00  INFO 8528 --- [           main] o.s.b.a.e.web.EndpointLinksResolver      : Exposing 1 endpoint(s) beneath base path '/actuator'
2025-08-22T14:57:16.010+01:00  INFO 8528 --- [           main] o.s.t.web.servlet.TestDispatcherServlet  : Completed initialization in 14 ms
2025-08-22T14:57:16.033+01:00  INFO 8528 --- [           main] .c.i.CouponRestControllerIntegrationTest : Started CouponRestControllerIntegrationTest in 0.765 seconds (process running for 16.933)
2025-08-22T14:57:16.049+01:00 DEBUG 8528 --- [           main] org.hibernate.SQL                        : 
    select
        c1_0.id,
        c1_0.code,
        c1_0.discount,
        c1_0.exp_date 
    from
        coupon c1_0
Hibernate: 
    select
        c1_0.id,
        c1_0.code,
        c1_0.discount,
        c1_0.exp_date 
    from
        coupon c1_0
2025-08-22T14:57:16.055+01:00 DEBUG 8528 --- [           main] s.w.s.m.m.a.RequestMappingHandlerMapping : Mapped to com.tus.coupon.controller.CouponRestController#create(Coupon)
2025-08-22T14:57:16.057+01:00 DEBUG 8528 --- [           main] m.m.a.RequestResponseBodyMethodProcessor : Read "application/json;charset=UTF-8" to [com.tus.coupon.model.Coupon@5f8263fd]
2025-08-22T14:57:16.058+01:00 DEBUG 8528 --- [           main] org.hibernate.SQL                        : 
    insert 
    into
        coupon
        (code,discount,exp_date,id) 
    values
        (?,?,?,default)
Hibernate: 
    insert 
    into
        coupon
        (code,discount,exp_date,id) 
    values
        (?,?,?,default)
2025-08-22T14:57:16.060+01:00 DEBUG 8528 --- [           main] o.s.w.s.m.m.a.HttpEntityMethodProcessor  : Using 'application/json', given [*/*] and supported [application/json, application/*+json]
2025-08-22T14:57:16.060+01:00 DEBUG 8528 --- [           main] o.s.w.s.m.m.a.HttpEntityMethodProcessor  : Writing [com.tus.coupon.model.Coupon@5f8263fd]
2025-08-22T14:57:16.063+01:00 DEBUG 8528 --- [           main] org.hibernate.SQL                        : 
    select
        c1_0.id,
        c1_0.code,
        c1_0.discount,
        c1_0.exp_date 
    from
        coupon c1_0 
    where
        c1_0.code=?
Hibernate: 
    select
        c1_0.id,
        c1_0.code,
        c1_0.discount,
        c1_0.exp_date 
    from
        coupon c1_0 
    where
        c1_0.code=?
]]></system-out>
  </testcase>
  <testcase name="shouldHandleDecimalPrecisionCorrectly" classname="com.tus.coupon.integration.CouponRestControllerIntegrationTest" time="0.016">
    <system-out><![CDATA[2025-08-22T14:57:16.076+01:00 DEBUG 8528 --- [           main] org.hibernate.SQL                        : 
    select
        c1_0.id,
        c1_0.code,
        c1_0.discount,
        c1_0.exp_date 
    from
        coupon c1_0
Hibernate: 
    select
        c1_0.id,
        c1_0.code,
        c1_0.discount,
        c1_0.exp_date 
    from
        coupon c1_0
2025-08-22T14:57:16.078+01:00 DEBUG 8528 --- [           main] s.w.s.m.m.a.RequestMappingHandlerMapping : Mapped to com.tus.coupon.controller.CouponRestController#create(Coupon)
2025-08-22T14:57:16.078+01:00 DEBUG 8528 --- [           main] m.m.a.RequestResponseBodyMethodProcessor : Read "application/json;charset=UTF-8" to [com.tus.coupon.model.Coupon@1f2d0ac3]
2025-08-22T14:57:16.079+01:00 DEBUG 8528 --- [           main] org.hibernate.SQL                        : 
    insert 
    into
        coupon
        (code,discount,exp_date,id) 
    values
        (?,?,?,default)
Hibernate: 
    insert 
    into
        coupon
        (code,discount,exp_date,id) 
    values
        (?,?,?,default)
2025-08-22T14:57:16.081+01:00 DEBUG 8528 --- [           main] o.s.w.s.m.m.a.HttpEntityMethodProcessor  : Using 'application/json', given [*/*] and supported [application/json, application/*+json]
2025-08-22T14:57:16.081+01:00 DEBUG 8528 --- [           main] o.s.w.s.m.m.a.HttpEntityMethodProcessor  : Writing [com.tus.coupon.model.Coupon@1f2d0ac3]
2025-08-22T14:57:16.084+01:00 DEBUG 8528 --- [           main] org.hibernate.SQL                        : 
    select
        c1_0.id,
        c1_0.code,
        c1_0.discount,
        c1_0.exp_date 
    from
        coupon c1_0 
    where
        c1_0.code=?
Hibernate: 
    select
        c1_0.id,
        c1_0.code,
        c1_0.discount,
        c1_0.exp_date 
    from
        coupon c1_0 
    where
        c1_0.code=?
]]></system-out>
  </testcase>
  <testcase name="shouldReturnNullForNonExistentCouponCode" classname="com.tus.coupon.integration.CouponRestControllerIntegrationTest" time="0.012">
    <system-out><![CDATA[2025-08-22T14:57:16.091+01:00 DEBUG 8528 --- [           main] org.hibernate.SQL                        : 
    select
        c1_0.id,
        c1_0.code,
        c1_0.discount,
        c1_0.exp_date 
    from
        coupon c1_0
Hibernate: 
    select
        c1_0.id,
        c1_0.code,
        c1_0.discount,
        c1_0.exp_date 
    from
        coupon c1_0
2025-08-22T14:57:16.092+01:00 DEBUG 8528 --- [           main] s.w.s.m.m.a.RequestMappingHandlerMapping : Mapped to com.tus.coupon.controller.CouponRestController#getCouponByCouponCode(String)
NONEXISTENT
2025-08-22T14:57:16.096+01:00 DEBUG 8528 --- [           main] org.hibernate.SQL                        : 
    select
        c1_0.id,
        c1_0.code,
        c1_0.discount,
        c1_0.exp_date 
    from
        coupon c1_0 
    where
        c1_0.code=?
Hibernate: 
    select
        c1_0.id,
        c1_0.code,
        c1_0.discount,
        c1_0.exp_date 
    from
        coupon c1_0 
    where
        c1_0.code=?
2025-08-22T14:57:16.097+01:00 DEBUG 8528 --- [           main] m.m.a.RequestResponseBodyMethodProcessor : Using 'application/json', given [*/*] and supported [application/json, application/*+json]
2025-08-22T14:57:16.097+01:00 DEBUG 8528 --- [           main] m.m.a.RequestResponseBodyMethodProcessor : Nothing to write: null body

MockHttpServletRequest:
      HTTP Method = GET
      Request URI = /couponapi/coupons/NONEXISTENT
       Parameters = {}
          Headers = []
             Body = null
    Session Attrs = {}

Handler:
             Type = com.tus.coupon.controller.CouponRestController
           Method = com.tus.coupon.controller.CouponRestController#getCouponByCouponCode(String)

Async:
    Async started = false
     Async result = null

Resolved Exception:
             Type = null

ModelAndView:
        View name = null
             View = null
            Model = null

FlashMap:
       Attributes = null

MockHttpServletResponse:
           Status = 200
    Error message = null
          Headers = []
     Content type = null
             Body = 
    Forwarded URL = null
   Redirected URL = null
          Cookies = []
]]></system-out>
  </testcase>
  <testcase name="shouldHandleDatabasePersistenceCorrectly" classname="com.tus.coupon.integration.CouponRestControllerIntegrationTest" time="0.012">
    <system-out><![CDATA[2025-08-22T14:57:16.104+01:00 DEBUG 8528 --- [           main] org.hibernate.SQL                        : 
    select
        c1_0.id,
        c1_0.code,
        c1_0.discount,
        c1_0.exp_date 
    from
        coupon c1_0
Hibernate: 
    select
        c1_0.id,
        c1_0.code,
        c1_0.discount,
        c1_0.exp_date 
    from
        coupon c1_0
2025-08-22T14:57:16.106+01:00 DEBUG 8528 --- [           main] s.w.s.m.m.a.RequestMappingHandlerMapping : Mapped to com.tus.coupon.controller.CouponRestController#create(Coupon)
2025-08-22T14:57:16.106+01:00 DEBUG 8528 --- [           main] m.m.a.RequestResponseBodyMethodProcessor : Read "application/json;charset=UTF-8" to [com.tus.coupon.model.Coupon@261a5ba4]
2025-08-22T14:57:16.107+01:00 DEBUG 8528 --- [           main] org.hibernate.SQL                        : 
    insert 
    into
        coupon
        (code,discount,exp_date,id) 
    values
        (?,?,?,default)
Hibernate: 
    insert 
    into
        coupon
        (code,discount,exp_date,id) 
    values
        (?,?,?,default)
2025-08-22T14:57:16.108+01:00 DEBUG 8528 --- [           main] o.s.w.s.m.m.a.HttpEntityMethodProcessor  : Using 'application/json', given [*/*] and supported [application/json, application/*+json]
2025-08-22T14:57:16.108+01:00 DEBUG 8528 --- [           main] o.s.w.s.m.m.a.HttpEntityMethodProcessor  : Writing [com.tus.coupon.model.Coupon@261a5ba4]
2025-08-22T14:57:16.111+01:00 DEBUG 8528 --- [           main] org.hibernate.SQL                        : 
    select
        c1_0.id,
        c1_0.code,
        c1_0.discount,
        c1_0.exp_date 
    from
        coupon c1_0 
    where
        c1_0.code=?
Hibernate: 
    select
        c1_0.id,
        c1_0.code,
        c1_0.discount,
        c1_0.exp_date 
    from
        coupon c1_0 
    where
        c1_0.code=?
]]></system-out>
  </testcase>
  <testcase name="shouldCreateAndRetrieveCouponThroughFullStack" classname="com.tus.coupon.integration.CouponRestControllerIntegrationTest" time="0.023">
    <system-out><![CDATA[2025-08-22T14:57:16.117+01:00 DEBUG 8528 --- [           main] org.hibernate.SQL                        : 
    select
        c1_0.id,
        c1_0.code,
        c1_0.discount,
        c1_0.exp_date 
    from
        coupon c1_0
Hibernate: 
    select
        c1_0.id,
        c1_0.code,
        c1_0.discount,
        c1_0.exp_date 
    from
        coupon c1_0
2025-08-22T14:57:16.119+01:00 DEBUG 8528 --- [           main] s.w.s.m.m.a.RequestMappingHandlerMapping : Mapped to com.tus.coupon.controller.CouponRestController#create(Coupon)
2025-08-22T14:57:16.119+01:00 DEBUG 8528 --- [           main] m.m.a.RequestResponseBodyMethodProcessor : Read "application/json;charset=UTF-8" to [com.tus.coupon.model.Coupon@50be0bf2]
2025-08-22T14:57:16.120+01:00 DEBUG 8528 --- [           main] org.hibernate.SQL                        : 
    insert 
    into
        coupon
        (code,discount,exp_date,id) 
    values
        (?,?,?,default)
Hibernate: 
    insert 
    into
        coupon
        (code,discount,exp_date,id) 
    values
        (?,?,?,default)
2025-08-22T14:57:16.121+01:00 DEBUG 8528 --- [           main] o.s.w.s.m.m.a.HttpEntityMethodProcessor  : Using 'application/json', given [*/*] and supported [application/json, application/*+json]
2025-08-22T14:57:16.123+01:00 DEBUG 8528 --- [           main] o.s.w.s.m.m.a.HttpEntityMethodProcessor  : Writing [com.tus.coupon.model.Coupon@50be0bf2]

MockHttpServletRequest:
      HTTP Method = POST
      Request URI = /couponapi/coupons
       Parameters = {}
          Headers = [Content-Type:"application/json;charset=UTF-8", Content-Length:"74"]
             Body = {"id":null,"code":"INTEGRATION10","discount":15.00,"expDate":"2024-12-31"}
    Session Attrs = {}

Handler:
             Type = com.tus.coupon.controller.CouponRestController
           Method = com.tus.coupon.controller.CouponRestController#create(Coupon)

Async:
    Async started = false
     Async result = null

Resolved Exception:
             Type = null

ModelAndView:
        View name = null
             View = null
            Model = null

FlashMap:
       Attributes = null

MockHttpServletResponse:
           Status = 200
    Error message = null
          Headers = [Content-Type:"application/json"]
     Content type = application/json
             Body = {"id":4,"code":"INTEGRATION10","discount":15.00,"expDate":"2024-12-31"}
    Forwarded URL = null
   Redirected URL = null
          Cookies = []
2025-08-22T14:57:16.129+01:00 DEBUG 8528 --- [           main] org.hibernate.SQL                        : 
    select
        c1_0.id,
        c1_0.code,
        c1_0.discount,
        c1_0.exp_date 
    from
        coupon c1_0 
    where
        c1_0.code=?
Hibernate: 
    select
        c1_0.id,
        c1_0.code,
        c1_0.discount,
        c1_0.exp_date 
    from
        coupon c1_0 
    where
        c1_0.code=?
2025-08-22T14:57:16.131+01:00 DEBUG 8528 --- [           main] s.w.s.m.m.a.RequestMappingHandlerMapping : Mapped to com.tus.coupon.controller.CouponRestController#getCouponByCouponCode(String)
INTEGRATION10
2025-08-22T14:57:16.133+01:00 DEBUG 8528 --- [           main] org.hibernate.SQL                        : 
    select
        c1_0.id,
        c1_0.code,
        c1_0.discount,
        c1_0.exp_date 
    from
        coupon c1_0 
    where
        c1_0.code=?
Hibernate: 
    select
        c1_0.id,
        c1_0.code,
        c1_0.discount,
        c1_0.exp_date 
    from
        coupon c1_0 
    where
        c1_0.code=?
2025-08-22T14:57:16.133+01:00 DEBUG 8528 --- [           main] m.m.a.RequestResponseBodyMethodProcessor : Using 'application/json', given [*/*] and supported [application/json, application/*+json]
2025-08-22T14:57:16.133+01:00 DEBUG 8528 --- [           main] m.m.a.RequestResponseBodyMethodProcessor : Writing [com.tus.coupon.model.Coupon@50be0bf2]

MockHttpServletRequest:
      HTTP Method = GET
      Request URI = /couponapi/coupons/INTEGRATION10
       Parameters = {}
          Headers = []
             Body = null
    Session Attrs = {}

Handler:
             Type = com.tus.coupon.controller.CouponRestController
           Method = com.tus.coupon.controller.CouponRestController#getCouponByCouponCode(String)

Async:
    Async started = false
     Async result = null

Resolved Exception:
             Type = null

ModelAndView:
        View name = null
             View = null
            Model = null

FlashMap:
       Attributes = null

MockHttpServletResponse:
           Status = 200
    Error message = null
          Headers = [Content-Type:"application/json"]
     Content type = application/json
             Body = {"id":4,"code":"INTEGRATION10","discount":15.00,"expDate":"2024-12-31"}
    Forwarded URL = null
   Redirected URL = null
          Cookies = []
]]></system-out>
  </testcase>
  <testcase name="shouldReturnEmptyListWhenNoCouponsExist" classname="com.tus.coupon.integration.CouponRestControllerIntegrationTest" time="0.012">
    <system-out><![CDATA[2025-08-22T14:57:16.141+01:00 DEBUG 8528 --- [           main] org.hibernate.SQL                        : 
    select
        c1_0.id,
        c1_0.code,
        c1_0.discount,
        c1_0.exp_date 
    from
        coupon c1_0
Hibernate: 
    select
        c1_0.id,
        c1_0.code,
        c1_0.discount,
        c1_0.exp_date 
    from
        coupon c1_0
2025-08-22T14:57:16.142+01:00 DEBUG 8528 --- [           main] s.w.s.m.m.a.RequestMappingHandlerMapping : Mapped to com.tus.coupon.controller.CouponRestController#getAllCoupons()
2025-08-22T14:57:16.144+01:00 DEBUG 8528 --- [           main] org.hibernate.SQL                        : 
    select
        c1_0.id,
        c1_0.code,
        c1_0.discount,
        c1_0.exp_date 
    from
        coupon c1_0
Hibernate: 
    select
        c1_0.id,
        c1_0.code,
        c1_0.discount,
        c1_0.exp_date 
    from
        coupon c1_0
2025-08-22T14:57:16.145+01:00 DEBUG 8528 --- [           main] m.m.a.RequestResponseBodyMethodProcessor : Using 'application/json', given [*/*] and supported [application/json, application/*+json]
2025-08-22T14:57:16.145+01:00 DEBUG 8528 --- [           main] m.m.a.RequestResponseBodyMethodProcessor : Writing [[]]

MockHttpServletRequest:
      HTTP Method = GET
      Request URI = /couponapi/coupons
       Parameters = {}
          Headers = []
             Body = null
    Session Attrs = {}

Handler:
             Type = com.tus.coupon.controller.CouponRestController
           Method = com.tus.coupon.controller.CouponRestController#getAllCoupons()

Async:
    Async started = false
     Async result = null

Resolved Exception:
             Type = null

ModelAndView:
        View name = null
             View = null
            Model = null

FlashMap:
       Attributes = null

MockHttpServletResponse:
           Status = 200
    Error message = null
          Headers = [Content-Type:"application/json"]
     Content type = application/json
             Body = []
    Forwarded URL = null
   Redirected URL = null
          Cookies = []
2025-08-22T14:57:16.148+01:00 DEBUG 8528 --- [           main] org.hibernate.SQL                        : 
    select
        count(*) 
    from
        coupon c1_0
Hibernate: 
    select
        count(*) 
    from
        coupon c1_0
]]></system-out>
  </testcase>
  <testcase name="shouldHandleSpecialCharactersInCouponCodes" classname="com.tus.coupon.integration.CouponRestControllerIntegrationTest" time="0.016">
    <system-out><![CDATA[2025-08-22T14:57:16.154+01:00 DEBUG 8528 --- [           main] org.hibernate.SQL                        : 
    select
        c1_0.id,
        c1_0.code,
        c1_0.discount,
        c1_0.exp_date 
    from
        coupon c1_0
Hibernate: 
    select
        c1_0.id,
        c1_0.code,
        c1_0.discount,
        c1_0.exp_date 
    from
        coupon c1_0
2025-08-22T14:57:16.156+01:00 DEBUG 8528 --- [           main] s.w.s.m.m.a.RequestMappingHandlerMapping : Mapped to com.tus.coupon.controller.CouponRestController#create(Coupon)
2025-08-22T14:57:16.157+01:00 DEBUG 8528 --- [           main] m.m.a.RequestResponseBodyMethodProcessor : Read "application/json;charset=UTF-8" to [com.tus.coupon.model.Coupon@5a5daa74]
2025-08-22T14:57:16.158+01:00 DEBUG 8528 --- [           main] org.hibernate.SQL                        : 
    insert 
    into
        coupon
        (code,discount,exp_date,id) 
    values
        (?,?,?,default)
Hibernate: 
    insert 
    into
        coupon
        (code,discount,exp_date,id) 
    values
        (?,?,?,default)
2025-08-22T14:57:16.160+01:00 DEBUG 8528 --- [           main] o.s.w.s.m.m.a.HttpEntityMethodProcessor  : Using 'application/json', given [*/*] and supported [application/json, application/*+json]
2025-08-22T14:57:16.160+01:00 DEBUG 8528 --- [           main] o.s.w.s.m.m.a.HttpEntityMethodProcessor  : Writing [com.tus.coupon.model.Coupon@5a5daa74]
2025-08-22T14:57:16.161+01:00 DEBUG 8528 --- [           main] s.w.s.m.m.a.RequestMappingHandlerMapping : Mapped to com.tus.coupon.controller.CouponRestController#getCouponByCouponCode(String)
SPECIAL-CODE_2024!
2025-08-22T14:57:16.163+01:00 DEBUG 8528 --- [           main] org.hibernate.SQL                        : 
    select
        c1_0.id,
        c1_0.code,
        c1_0.discount,
        c1_0.exp_date 
    from
        coupon c1_0 
    where
        c1_0.code=?
Hibernate: 
    select
        c1_0.id,
        c1_0.code,
        c1_0.discount,
        c1_0.exp_date 
    from
        coupon c1_0 
    where
        c1_0.code=?
2025-08-22T14:57:16.164+01:00 DEBUG 8528 --- [           main] m.m.a.RequestResponseBodyMethodProcessor : Using 'application/json', given [*/*] and supported [application/json, application/*+json]
2025-08-22T14:57:16.164+01:00 DEBUG 8528 --- [           main] m.m.a.RequestResponseBodyMethodProcessor : Writing [com.tus.coupon.model.Coupon@5a5daa74]

MockHttpServletRequest:
      HTTP Method = GET
      Request URI = /couponapi/coupons/SPECIAL-CODE_2024!
       Parameters = {}
          Headers = []
             Body = null
    Session Attrs = {}

Handler:
             Type = com.tus.coupon.controller.CouponRestController
           Method = com.tus.coupon.controller.CouponRestController#getCouponByCouponCode(String)

Async:
    Async started = false
     Async result = null

Resolved Exception:
             Type = null

ModelAndView:
        View name = null
             View = null
            Model = null

FlashMap:
       Attributes = null

MockHttpServletResponse:
           Status = 200
    Error message = null
          Headers = [Content-Type:"application/json"]
     Content type = application/json
             Body = {"id":5,"code":"SPECIAL-CODE_2024!","discount":30.00,"expDate":"2024-12-31"}
    Forwarded URL = null
   Redirected URL = null
          Cookies = []
]]></system-out>
  </testcase>
  <testcase name="shouldHandleMultipleCouponsCreationAndRetrieval" classname="com.tus.coupon.integration.CouponRestControllerIntegrationTest" time="0.023">
    <system-out><![CDATA[2025-08-22T14:57:16.170+01:00 DEBUG 8528 --- [           main] org.hibernate.SQL                        : 
    select
        c1_0.id,
        c1_0.code,
        c1_0.discount,
        c1_0.exp_date 
    from
        coupon c1_0
Hibernate: 
    select
        c1_0.id,
        c1_0.code,
        c1_0.discount,
        c1_0.exp_date 
    from
        coupon c1_0
2025-08-22T14:57:16.172+01:00 DEBUG 8528 --- [           main] s.w.s.m.m.a.RequestMappingHandlerMapping : Mapped to com.tus.coupon.controller.CouponRestController#create(Coupon)
2025-08-22T14:57:16.172+01:00 DEBUG 8528 --- [           main] m.m.a.RequestResponseBodyMethodProcessor : Read "application/json;charset=UTF-8" to [com.tus.coupon.model.Coupon@5fe3bd55]
2025-08-22T14:57:16.173+01:00 DEBUG 8528 --- [           main] org.hibernate.SQL                        : 
    insert 
    into
        coupon
        (code,discount,exp_date,id) 
    values
        (?,?,?,default)
Hibernate: 
    insert 
    into
        coupon
        (code,discount,exp_date,id) 
    values
        (?,?,?,default)
2025-08-22T14:57:16.175+01:00 DEBUG 8528 --- [           main] o.s.w.s.m.m.a.HttpEntityMethodProcessor  : Using 'application/json', given [*/*] and supported [application/json, application/*+json]
2025-08-22T14:57:16.175+01:00 DEBUG 8528 --- [           main] o.s.w.s.m.m.a.HttpEntityMethodProcessor  : Writing [com.tus.coupon.model.Coupon@5fe3bd55]
2025-08-22T14:57:16.176+01:00 DEBUG 8528 --- [           main] s.w.s.m.m.a.RequestMappingHandlerMapping : Mapped to com.tus.coupon.controller.CouponRestController#create(Coupon)
2025-08-22T14:57:16.177+01:00 DEBUG 8528 --- [           main] m.m.a.RequestResponseBodyMethodProcessor : Read "application/json;charset=UTF-8" to [com.tus.coupon.model.Coupon@15b3f1cf]
2025-08-22T14:57:16.177+01:00 DEBUG 8528 --- [           main] org.hibernate.SQL                        : 
    insert 
    into
        coupon
        (code,discount,exp_date,id) 
    values
        (?,?,?,default)
Hibernate: 
    insert 
    into
        coupon
        (code,discount,exp_date,id) 
    values
        (?,?,?,default)
2025-08-22T14:57:16.179+01:00 DEBUG 8528 --- [           main] o.s.w.s.m.m.a.HttpEntityMethodProcessor  : Using 'application/json', given [*/*] and supported [application/json, application/*+json]
2025-08-22T14:57:16.179+01:00 DEBUG 8528 --- [           main] o.s.w.s.m.m.a.HttpEntityMethodProcessor  : Writing [com.tus.coupon.model.Coupon@15b3f1cf]
2025-08-22T14:57:16.180+01:00 DEBUG 8528 --- [           main] s.w.s.m.m.a.RequestMappingHandlerMapping : Mapped to com.tus.coupon.controller.CouponRestController#getAllCoupons()
2025-08-22T14:57:16.181+01:00 DEBUG 8528 --- [           main] org.hibernate.SQL                        : 
    select
        c1_0.id,
        c1_0.code,
        c1_0.discount,
        c1_0.exp_date 
    from
        coupon c1_0
Hibernate: 
    select
        c1_0.id,
        c1_0.code,
        c1_0.discount,
        c1_0.exp_date 
    from
        coupon c1_0
2025-08-22T14:57:16.183+01:00 DEBUG 8528 --- [           main] m.m.a.RequestResponseBodyMethodProcessor : Using 'application/json', given [*/*] and supported [application/json, application/*+json]
2025-08-22T14:57:16.183+01:00 DEBUG 8528 --- [           main] m.m.a.RequestResponseBodyMethodProcessor : Writing [[com.tus.coupon.model.Coupon@5fe3bd55, com.tus.coupon.model.Coupon@15b3f1cf]]

MockHttpServletRequest:
      HTTP Method = GET
      Request URI = /couponapi/coupons
       Parameters = {}
          Headers = []
             Body = null
    Session Attrs = {}

Handler:
             Type = com.tus.coupon.controller.CouponRestController
           Method = com.tus.coupon.controller.CouponRestController#getAllCoupons()

Async:
    Async started = false
     Async result = null

Resolved Exception:
             Type = null

ModelAndView:
        View name = null
             View = null
            Model = null

FlashMap:
       Attributes = null

MockHttpServletResponse:
           Status = 200
    Error message = null
          Headers = [Content-Type:"application/json"]
     Content type = application/json
             Body = [{"id":6,"code":"MULTI1","discount":10.00,"expDate":"2024-12-31"},{"id":7,"code":"MULTI2","discount":20.00,"expDate":"2024-12-31"}]
    Forwarded URL = null
   Redirected URL = null
          Cookies = []
2025-08-22T14:57:16.188+01:00 DEBUG 8528 --- [           main] org.hibernate.SQL                        : 
    select
        count(*) 
    from
        coupon c1_0
Hibernate: 
    select
        count(*) 
    from
        coupon c1_0
]]></system-out>
  </testcase>
</testsuite>