<?xml version="1.0" encoding="UTF-8"?>
<testsuite xmlns:xsi="http://www.w3.org/2001/XMLSchema-instance" xsi:noNamespaceSchemaLocation="https://maven.apache.org/surefire/maven-surefire-plugin/xsd/surefire-test-report-3.0.xsd" version="3.0" name="com.tus.coupon.e2e.CouponServiceE2ETest" time="7.667" tests="7" errors="0" skipped="0" failures="3">
  <properties>
[...]
</properties>
  <testcase name="shouldCompleteFullCouponLifecycle" classname="com.tus.coupon.e2e.CouponServiceE2ETest" time="1.136">
    <system-out><![CDATA[2025-08-21T23:26:42.353+01:00  INFO 16448 --- [           main] t.c.s.AnnotationConfigContextLoaderUtils : Could not detect default configuration classes for test class [com.tus.coupon.e2e.CouponServiceE2ETest]: CouponServiceE2ETest does not declare any static, non-private, non-final, nested classes annotated with @Configuration.
2025-08-21T23:26:42.375+01:00  INFO 16448 --- [           main] .b.t.c.SpringBootTestContextBootstrapper : Found @SpringBootConfiguration com.tus.coupon.CouponserviceApplication for test class com.tus.coupon.e2e.CouponServiceE2ETest

  .   ____          _            __ _ _
 /\\ / ___'_ __ _ _(_)_ __  __ _ \ \ \ \
( ( )\___ | '_ | '_| | '_ \/ _` | \ \ \ \
 \\/  ___)| |_)| | | | | || (_| |  ) ) ) )
  '  |____| .__|_| |_|_| |_\__, | / / / /
 =========|_|==============|___/=/_/_/_/
 :: Spring Boot ::                (v3.1.4)

2025-08-21T23:26:42.503+01:00  INFO 16448 --- [           main] c.tus.coupon.e2e.CouponServiceE2ETest    : Starting CouponServiceE2ETest using Java 21.0.5 with PID 16448 (started by kodes in C:\couponservice)
2025-08-21T23:26:42.504+01:00 DEBUG 16448 --- [           main] c.tus.coupon.e2e.CouponServiceE2ETest    : Running with Spring Boot v3.1.4, Spring v6.0.12
2025-08-21T23:26:42.504+01:00  INFO 16448 --- [           main] c.tus.coupon.e2e.CouponServiceE2ETest    : The following 1 profile is active: "test"
2025-08-21T23:26:43.530+01:00  INFO 16448 --- [           main] .s.d.r.c.RepositoryConfigurationDelegate : Bootstrapping Spring Data JPA repositories in DEFAULT mode.
2025-08-21T23:26:43.639+01:00  INFO 16448 --- [           main] .s.d.r.c.RepositoryConfigurationDelegate : Finished Spring Data repository scanning in 92 ms. Found 1 JPA repository interfaces.
2025-08-21T23:26:44.515+01:00  INFO 16448 --- [           main] o.s.b.w.embedded.tomcat.TomcatWebServer  : Tomcat initialized with port(s): 0 (http)
2025-08-21T23:26:44.529+01:00  INFO 16448 --- [           main] o.apache.catalina.core.StandardService   : Starting service [Tomcat]
2025-08-21T23:26:44.529+01:00  INFO 16448 --- [           main] o.apache.catalina.core.StandardEngine    : Starting Servlet engine: [Apache Tomcat/10.1.13]
2025-08-21T23:26:44.738+01:00  INFO 16448 --- [           main] o.a.c.c.C.[Tomcat].[localhost].[/]       : Initializing Spring embedded WebApplicationContext
2025-08-21T23:26:44.739+01:00  INFO 16448 --- [           main] w.s.c.ServletWebServerApplicationContext : Root WebApplicationContext: initialization completed in 2232 ms
2025-08-21T23:26:44.892+01:00  INFO 16448 --- [           main] com.zaxxer.hikari.HikariDataSource       : HikariPool-1 - Starting...
2025-08-21T23:26:45.414+01:00  INFO 16448 --- [           main] com.zaxxer.hikari.pool.HikariPool        : HikariPool-1 - Added connection conn0: url=jdbc:h2:mem:testdb user=SA
2025-08-21T23:26:45.417+01:00  INFO 16448 --- [           main] com.zaxxer.hikari.HikariDataSource       : HikariPool-1 - Start completed.
2025-08-21T23:26:45.437+01:00  INFO 16448 --- [           main] o.s.b.a.h2.H2ConsoleAutoConfiguration    : H2 console available at '/h2-console'. Database available at 'jdbc:h2:mem:testdb'
2025-08-21T23:26:45.528+01:00 DEBUG 16448 --- [           main] o.s.w.f.ServerHttpObservationFilter      : Filter 'webMvcObservationFilter' configured for use
2025-08-21T23:26:45.652+01:00  INFO 16448 --- [           main] o.hibernate.jpa.internal.util.LogHelper  : HHH000204: Processing PersistenceUnitInfo [name: default]
2025-08-21T23:26:45.750+01:00  INFO 16448 --- [           main] org.hibernate.Version                    : HHH000412: Hibernate ORM core version 6.2.9.Final
2025-08-21T23:26:45.755+01:00  INFO 16448 --- [           main] org.hibernate.cfg.Environment            : HHH000406: Using bytecode reflection optimizer
2025-08-21T23:26:45.988+01:00  INFO 16448 --- [           main] o.h.b.i.BytecodeProviderInitiator        : HHH000021: Bytecode provider name : bytebuddy
2025-08-21T23:26:46.003+01:00  INFO 16448 --- [           main] o.s.o.j.p.SpringPersistenceUnitInfo      : No LoadTimeWeaver setup: ignoring JPA class transformer
2025-08-21T23:26:46.445+01:00  INFO 16448 --- [           main] o.h.b.i.BytecodeProviderInitiator        : HHH000021: Bytecode provider name : bytebuddy
2025-08-21T23:26:47.122+01:00  INFO 16448 --- [           main] o.h.e.t.j.p.i.JtaPlatformInitiator       : HHH000490: Using JtaPlatform implementation: [org.hibernate.engine.transaction.jta.platform.internal.NoJtaPlatform]
2025-08-21T23:26:47.139+01:00 DEBUG 16448 --- [           main] org.hibernate.SQL                        : 
    drop table if exists coupon cascade 
Hibernate: 
    drop table if exists coupon cascade 
2025-08-21T23:26:47.152+01:00 DEBUG 16448 --- [           main] org.hibernate.SQL                        : 
    create table coupon (
        discount numeric(38,2),
        id bigint generated by default as identity,
        code varchar(255),
        exp_date varchar(255),
        primary key (id)
    )
Hibernate: 
    create table coupon (
        discount numeric(38,2),
        id bigint generated by default as identity,
        code varchar(255),
        exp_date varchar(255),
        primary key (id)
    )
2025-08-21T23:26:47.171+01:00  INFO 16448 --- [           main] j.LocalContainerEntityManagerFactoryBean : Initialized JPA EntityManagerFactory for persistence unit 'default'
2025-08-21T23:26:47.599+01:00  WARN 16448 --- [           main] JpaBaseConfiguration$JpaWebConfiguration : spring.jpa.open-in-view is enabled by default. Therefore, database queries may be performed during view rendering. Explicitly configure spring.jpa.open-in-view to disable this warning
2025-08-21T23:26:47.662+01:00 DEBUG 16448 --- [           main] s.w.s.m.m.a.RequestMappingHandlerAdapter : ControllerAdvice beans: 0 @ModelAttribute, 0 @InitBinder, 1 RequestBodyAdvice, 1 ResponseBodyAdvice
2025-08-21T23:26:47.681+01:00 DEBUG 16448 --- [           main] s.w.s.m.m.a.RequestMappingHandlerMapping : 5 mappings in 'requestMappingHandlerMapping'
2025-08-21T23:26:47.690+01:00 DEBUG 16448 --- [           main] o.s.w.s.handler.SimpleUrlHandlerMapping  : Patterns [/webjars/**, /**] in 'resourceHandlerMapping'
2025-08-21T23:26:47.694+01:00 DEBUG 16448 --- [           main] .m.m.a.ExceptionHandlerExceptionResolver : ControllerAdvice beans: 0 @ExceptionHandler, 1 ResponseBodyAdvice
2025-08-21T23:26:47.929+01:00  INFO 16448 --- [           main] o.s.b.a.e.web.EndpointLinksResolver      : Exposing 1 endpoint(s) beneath base path '/actuator'
2025-08-21T23:26:48.277+01:00  INFO 16448 --- [           main] o.s.b.w.embedded.tomcat.TomcatWebServer  : Tomcat started on port(s): 56948 (http) with context path ''
2025-08-21T23:26:48.285+01:00  INFO 16448 --- [           main] c.tus.coupon.e2e.CouponServiceE2ETest    : Started CouponServiceE2ETest in 5.89 seconds (process running for 13.781)
2025-08-21T23:26:48.505+01:00 DEBUG 16448 --- [           main] org.hibernate.SQL                        : 
    select
        c1_0.id,
        c1_0.code,
        c1_0.discount,
        c1_0.exp_date 
    from
        coupon c1_0
Hibernate: 
    select
        c1_0.id,
        c1_0.code,
        c1_0.discount,
        c1_0.exp_date 
    from
        coupon c1_0
2025-08-21T23:26:48.837+01:00 DEBUG 16448 --- [           main] org.hibernate.SQL                        : 
    select
        count(*) 
    from
        coupon c1_0
Hibernate: 
    select
        count(*) 
    from
        coupon c1_0
2025-08-21T23:26:49.000+01:00 DEBUG 16448 --- [           main] o.s.web.client.RestTemplate              : HTTP POST http://localhost:56948/couponapi/coupons
2025-08-21T23:26:49.025+01:00 DEBUG 16448 --- [           main] o.s.web.client.RestTemplate              : Accept=[application/json, application/*+json]
2025-08-21T23:26:49.027+01:00 DEBUG 16448 --- [           main] o.s.web.client.RestTemplate              : Writing [com.tus.coupon.model.Coupon@6395fb38] as "application/json"
2025-08-21T23:26:49.242+01:00  INFO 16448 --- [o-auto-1-exec-1] o.a.c.c.C.[Tomcat].[localhost].[/]       : Initializing Spring DispatcherServlet 'dispatcherServlet'
2025-08-21T23:26:49.242+01:00  INFO 16448 --- [o-auto-1-exec-1] o.s.web.servlet.DispatcherServlet        : Initializing Servlet 'dispatcherServlet'
2025-08-21T23:26:49.243+01:00 DEBUG 16448 --- [o-auto-1-exec-1] o.s.web.servlet.DispatcherServlet        : Detected StandardServletMultipartResolver
2025-08-21T23:26:49.243+01:00 DEBUG 16448 --- [o-auto-1-exec-1] o.s.web.servlet.DispatcherServlet        : Detected AcceptHeaderLocaleResolver
2025-08-21T23:26:49.243+01:00 DEBUG 16448 --- [o-auto-1-exec-1] o.s.web.servlet.DispatcherServlet        : Detected FixedThemeResolver
2025-08-21T23:26:49.244+01:00 DEBUG 16448 --- [o-auto-1-exec-1] o.s.web.servlet.DispatcherServlet        : Detected org.springframework.web.servlet.view.DefaultRequestToViewNameTranslator@28c77795
2025-08-21T23:26:49.244+01:00 DEBUG 16448 --- [o-auto-1-exec-1] o.s.web.servlet.DispatcherServlet        : Detected org.springframework.web.servlet.support.SessionFlashMapManager@6accbb21
2025-08-21T23:26:49.244+01:00 DEBUG 16448 --- [o-auto-1-exec-1] o.s.web.servlet.DispatcherServlet        : enableLoggingRequestDetails='false': request parameters and headers will be masked to prevent unsafe logging of potentially sensitive data
2025-08-21T23:26:49.244+01:00  INFO 16448 --- [o-auto-1-exec-1] o.s.web.servlet.DispatcherServlet        : Completed initialization in 2 ms
2025-08-21T23:26:49.254+01:00 DEBUG 16448 --- [o-auto-1-exec-1] o.s.web.servlet.DispatcherServlet        : POST "/couponapi/coupons", parameters={}
2025-08-21T23:26:49.257+01:00 DEBUG 16448 --- [o-auto-1-exec-1] s.w.s.m.m.a.RequestMappingHandlerMapping : Mapped to com.tus.coupon.controller.CouponRestController#create(Coupon)
2025-08-21T23:26:49.262+01:00 DEBUG 16448 --- [o-auto-1-exec-1] m.m.a.RequestResponseBodyMethodProcessor : Read "application/json;charset=UTF-8" to [com.tus.coupon.model.Coupon@10e43466]
2025-08-21T23:26:49.292+01:00 DEBUG 16448 --- [o-auto-1-exec-1] org.hibernate.SQL                        : 
    insert 
    into
        coupon
        (code,discount,exp_date,id) 
    values
        (?,?,?,default)
Hibernate: 
    insert 
    into
        coupon
        (code,discount,exp_date,id) 
    values
        (?,?,?,default)
2025-08-21T23:26:49.329+01:00 DEBUG 16448 --- [o-auto-1-exec-1] o.s.w.s.m.m.a.HttpEntityMethodProcessor  : Using 'application/json', given [application/json, application/*+json] and supported [application/json, application/*+json]
2025-08-21T23:26:49.330+01:00 DEBUG 16448 --- [o-auto-1-exec-1] o.s.w.s.m.m.a.HttpEntityMethodProcessor  : Writing [com.tus.coupon.model.Coupon@10e43466]
2025-08-21T23:26:49.334+01:00 DEBUG 16448 --- [o-auto-1-exec-1] o.s.web.servlet.DispatcherServlet        : Completed 200 OK
2025-08-21T23:26:49.344+01:00 DEBUG 16448 --- [           main] o.s.web.client.RestTemplate              : Response 200 OK
2025-08-21T23:26:49.346+01:00 DEBUG 16448 --- [           main] o.s.web.client.RestTemplate              : Reading to [com.tus.coupon.model.Coupon]
2025-08-21T23:26:49.358+01:00 DEBUG 16448 --- [           main] o.s.web.client.RestTemplate              : HTTP GET http://localhost:56948/couponapi/coupons/E2E_LIFECYCLE
2025-08-21T23:26:49.359+01:00 DEBUG 16448 --- [           main] o.s.web.client.RestTemplate              : Accept=[application/json, application/*+json]
2025-08-21T23:26:49.362+01:00 DEBUG 16448 --- [o-auto-1-exec-2] o.s.web.servlet.DispatcherServlet        : GET "/couponapi/coupons/E2E_LIFECYCLE", parameters={}
2025-08-21T23:26:49.363+01:00 DEBUG 16448 --- [o-auto-1-exec-2] s.w.s.m.m.a.RequestMappingHandlerMapping : Mapped to com.tus.coupon.controller.CouponRestController#getCouponByCouponCode(String)
E2E_LIFECYCLE
2025-08-21T23:26:49.433+01:00 DEBUG 16448 --- [o-auto-1-exec-2] org.hibernate.SQL                        : 
    select
        c1_0.id,
        c1_0.code,
        c1_0.discount,
        c1_0.exp_date 
    from
        coupon c1_0 
    where
        c1_0.code=?
Hibernate: 
    select
        c1_0.id,
        c1_0.code,
        c1_0.discount,
        c1_0.exp_date 
    from
        coupon c1_0 
    where
        c1_0.code=?
2025-08-21T23:26:49.447+01:00 DEBUG 16448 --- [o-auto-1-exec-2] m.m.a.RequestResponseBodyMethodProcessor : Using 'application/json', given [application/json, application/*+json] and supported [application/json, application/*+json]
2025-08-21T23:26:49.448+01:00 DEBUG 16448 --- [o-auto-1-exec-2] m.m.a.RequestResponseBodyMethodProcessor : Writing [com.tus.coupon.model.Coupon@7dc9b47e]
2025-08-21T23:26:49.449+01:00 DEBUG 16448 --- [o-auto-1-exec-2] o.s.web.servlet.DispatcherServlet        : Completed 200 OK
2025-08-21T23:26:49.449+01:00 DEBUG 16448 --- [           main] o.s.web.client.RestTemplate              : Response 200 OK
2025-08-21T23:26:49.450+01:00 DEBUG 16448 --- [           main] o.s.web.client.RestTemplate              : Reading to [com.tus.coupon.model.Coupon]
2025-08-21T23:26:49.452+01:00 DEBUG 16448 --- [           main] o.s.web.client.RestTemplate              : HTTP GET http://localhost:56948/couponapi/coupons
2025-08-21T23:26:49.454+01:00 DEBUG 16448 --- [           main] o.s.web.client.RestTemplate              : Accept=[application/json, application/*+json]
2025-08-21T23:26:49.457+01:00 DEBUG 16448 --- [o-auto-1-exec-3] o.s.web.servlet.DispatcherServlet        : GET "/couponapi/coupons", parameters={}
2025-08-21T23:26:49.458+01:00 DEBUG 16448 --- [o-auto-1-exec-3] s.w.s.m.m.a.RequestMappingHandlerMapping : Mapped to com.tus.coupon.controller.CouponRestController#getAllCoupons()
2025-08-21T23:26:49.464+01:00 DEBUG 16448 --- [o-auto-1-exec-3] org.hibernate.SQL                        : 
    select
        c1_0.id,
        c1_0.code,
        c1_0.discount,
        c1_0.exp_date 
    from
        coupon c1_0
Hibernate: 
    select
        c1_0.id,
        c1_0.code,
        c1_0.discount,
        c1_0.exp_date 
    from
        coupon c1_0
2025-08-21T23:26:49.467+01:00 DEBUG 16448 --- [o-auto-1-exec-3] m.m.a.RequestResponseBodyMethodProcessor : Using 'application/json', given [application/json, application/*+json] and supported [application/json, application/*+json]
2025-08-21T23:26:49.468+01:00 DEBUG 16448 --- [o-auto-1-exec-3] m.m.a.RequestResponseBodyMethodProcessor : Writing [[com.tus.coupon.model.Coupon@42787536]]
2025-08-21T23:26:49.470+01:00 DEBUG 16448 --- [           main] o.s.web.client.RestTemplate              : Response 200 OK
2025-08-21T23:26:49.470+01:00 DEBUG 16448 --- [o-auto-1-exec-3] o.s.web.servlet.DispatcherServlet        : Completed 200 OK
2025-08-21T23:26:49.471+01:00 DEBUG 16448 --- [           main] o.s.web.client.RestTemplate              : Reading to [com.tus.coupon.model.Coupon[]]
]]></system-out>
  </testcase>
  <testcase name="shouldHandleConcurrentCouponCreation" classname="com.tus.coupon.e2e.CouponServiceE2ETest" time="0.143">
    <failure message="&#10;Expected size: 5 but was: 6 in:&#10;[com.tus.coupon.model.Coupon@cfaa2ae,&#10;    com.tus.coupon.model.Coupon@2a8ecae7,&#10;    com.tus.coupon.model.Coupon@358f88c9,&#10;    com.tus.coupon.model.Coupon@4fa285ad,&#10;    com.tus.coupon.model.Coupon@1614b125,&#10;    com.tus.coupon.model.Coupon@4a9198f2]" type="java.lang.AssertionError"><![CDATA[java.lang.AssertionError: 

Expected size: 5 but was: 6 in:
[com.tus.coupon.model.Coupon@cfaa2ae,
    com.tus.coupon.model.Coupon@2a8ecae7,
    com.tus.coupon.model.Coupon@358f88c9,
    com.tus.coupon.model.Coupon@4fa285ad,
    com.tus.coupon.model.Coupon@1614b125,
    com.tus.coupon.model.Coupon@4a9198f2]
	at com.tus.coupon.e2e.CouponServiceE2ETest.shouldHandleConcurrentCouponCreation(CouponServiceE2ETest.java:259)
	at java.base/jdk.internal.reflect.DirectMethodHandleAccessor.invoke(DirectMethodHandleAccessor.java:103)
	at java.base/java.lang.reflect.Method.invoke(Method.java:580)
	at org.junit.platform.commons.util.ReflectionUtils.invokeMethod(ReflectionUtils.java:727)
	at org.junit.jupiter.engine.execution.MethodInvocation.proceed(MethodInvocation.java:60)
	at org.junit.jupiter.engine.execution.InvocationInterceptorChain$ValidatingInvocation.proceed(InvocationInterceptorChain.java:131)
	at org.junit.jupiter.engine.extension.TimeoutExtension.intercept(TimeoutExtension.java:156)
	at org.junit.jupiter.engine.extension.TimeoutExtension.interceptTestableMethod(TimeoutExtension.java:147)
	at org.junit.jupiter.engine.extension.TimeoutExtension.interceptTestMethod(TimeoutExtension.java:86)
	at org.junit.jupiter.engine.execution.InterceptingExecutableInvoker$ReflectiveInterceptorCall.lambda$ofVoidMethod$0(InterceptingExecutableInvoker.java:103)
	at org.junit.jupiter.engine.execution.InterceptingExecutableInvoker.lambda$invoke$0(InterceptingExecutableInvoker.java:93)
	at org.junit.jupiter.engine.execution.InvocationInterceptorChain$InterceptedInvocation.proceed(InvocationInterceptorChain.java:106)
	at org.junit.jupiter.engine.execution.InvocationInterceptorChain.proceed(InvocationInterceptorChain.java:64)
	at org.junit.jupiter.engine.execution.InvocationInterceptorChain.chainAndInvoke(InvocationInterceptorChain.java:45)
	at org.junit.jupiter.engine.execution.InvocationInterceptorChain.invoke(InvocationInterceptorChain.java:37)
	at org.junit.jupiter.engine.execution.InterceptingExecutableInvoker.invoke(InterceptingExecutableInvoker.java:92)
	at org.junit.jupiter.engine.execution.InterceptingExecutableInvoker.invoke(InterceptingExecutableInvoker.java:86)
	at org.junit.jupiter.engine.descriptor.TestMethodTestDescriptor.lambda$invokeTestMethod$7(TestMethodTestDescriptor.java:217)
	at org.junit.platform.engine.support.hierarchical.ThrowableCollector.execute(ThrowableCollector.java:73)
	at org.junit.jupiter.engine.descriptor.TestMethodTestDescriptor.invokeTestMethod(TestMethodTestDescriptor.java:213)
	at org.junit.jupiter.engine.descriptor.TestMethodTestDescriptor.execute(TestMethodTestDescriptor.java:138)
	at org.junit.jupiter.engine.descriptor.TestMethodTestDescriptor.execute(TestMethodTestDescriptor.java:68)
	at org.junit.platform.engine.support.hierarchical.NodeTestTask.lambda$executeRecursively$6(NodeTestTask.java:151)
	at org.junit.platform.engine.support.hierarchical.ThrowableCollector.execute(ThrowableCollector.java:73)
	at org.junit.platform.engine.support.hierarchical.NodeTestTask.lambda$executeRecursively$8(NodeTestTask.java:141)
	at org.junit.platform.engine.support.hierarchical.Node.around(Node.java:137)
	at org.junit.platform.engine.support.hierarchical.NodeTestTask.lambda$executeRecursively$9(NodeTestTask.java:139)
	at org.junit.platform.engine.support.hierarchical.ThrowableCollector.execute(ThrowableCollector.java:73)
	at org.junit.platform.engine.support.hierarchical.NodeTestTask.executeRecursively(NodeTestTask.java:138)
	at org.junit.platform.engine.support.hierarchical.NodeTestTask.execute(NodeTestTask.java:95)
	at java.base/java.util.ArrayList.forEach(ArrayList.java:1596)
	at org.junit.platform.engine.support.hierarchical.SameThreadHierarchicalTestExecutorService.invokeAll(SameThreadHierarchicalTestExecutorService.java:41)
	at org.junit.platform.engine.support.hierarchical.NodeTestTask.lambda$executeRecursively$6(NodeTestTask.java:155)
	at org.junit.platform.engine.support.hierarchical.ThrowableCollector.execute(ThrowableCollector.java:73)
	at org.junit.platform.engine.support.hierarchical.NodeTestTask.lambda$executeRecursively$8(NodeTestTask.java:141)
	at org.junit.platform.engine.support.hierarchical.Node.around(Node.java:137)
	at org.junit.platform.engine.support.hierarchical.NodeTestTask.lambda$executeRecursively$9(NodeTestTask.java:139)
	at org.junit.platform.engine.support.hierarchical.ThrowableCollector.execute(ThrowableCollector.java:73)
	at org.junit.platform.engine.support.hierarchical.NodeTestTask.executeRecursively(NodeTestTask.java:138)
	at org.junit.platform.engine.support.hierarchical.NodeTestTask.execute(NodeTestTask.java:95)
	at java.base/java.util.ArrayList.forEach(ArrayList.java:1596)
	at org.junit.platform.engine.support.hierarchical.SameThreadHierarchicalTestExecutorService.invokeAll(SameThreadHierarchicalTestExecutorService.java:41)
	at org.junit.platform.engine.support.hierarchical.NodeTestTask.lambda$executeRecursively$6(NodeTestTask.java:155)
	at org.junit.platform.engine.support.hierarchical.ThrowableCollector.execute(ThrowableCollector.java:73)
	at org.junit.platform.engine.support.hierarchical.NodeTestTask.lambda$executeRecursively$8(NodeTestTask.java:141)
	at org.junit.platform.engine.support.hierarchical.Node.around(Node.java:137)
	at org.junit.platform.engine.support.hierarchical.NodeTestTask.lambda$executeRecursively$9(NodeTestTask.java:139)
	at org.junit.platform.engine.support.hierarchical.ThrowableCollector.execute(ThrowableCollector.java:73)
	at org.junit.platform.engine.support.hierarchical.NodeTestTask.executeRecursively(NodeTestTask.java:138)
	at org.junit.platform.engine.support.hierarchical.NodeTestTask.execute(NodeTestTask.java:95)
	at org.junit.platform.engine.support.hierarchical.SameThreadHierarchicalTestExecutorService.submit(SameThreadHierarchicalTestExecutorService.java:35)
	at org.junit.platform.engine.support.hierarchical.HierarchicalTestExecutor.execute(HierarchicalTestExecutor.java:57)
	at org.junit.platform.engine.support.hierarchical.HierarchicalTestEngine.execute(HierarchicalTestEngine.java:54)
	at org.junit.platform.launcher.core.EngineExecutionOrchestrator.execute(EngineExecutionOrchestrator.java:147)
	at org.junit.platform.launcher.core.EngineExecutionOrchestrator.execute(EngineExecutionOrchestrator.java:127)
	at org.junit.platform.launcher.core.EngineExecutionOrchestrator.execute(EngineExecutionOrchestrator.java:90)
	at org.junit.platform.launcher.core.EngineExecutionOrchestrator.lambda$execute$0(EngineExecutionOrchestrator.java:55)
	at org.junit.platform.launcher.core.EngineExecutionOrchestrator.withInterceptedStreams(EngineExecutionOrchestrator.java:102)
	at org.junit.platform.launcher.core.EngineExecutionOrchestrator.execute(EngineExecutionOrchestrator.java:54)
	at org.junit.platform.launcher.core.DefaultLauncher.execute(DefaultLauncher.java:114)
	at org.junit.platform.launcher.core.DefaultLauncher.execute(DefaultLauncher.java:86)
	at org.junit.platform.launcher.core.DefaultLauncherSession$DelegatingLauncher.execute(DefaultLauncherSession.java:86)
	at org.apache.maven.surefire.junitplatform.LazyLauncher.execute(LazyLauncher.java:56)
	at org.apache.maven.surefire.junitplatform.JUnitPlatformProvider.execute(JUnitPlatformProvider.java:184)
	at org.apache.maven.surefire.junitplatform.JUnitPlatformProvider.invokeAllTests(JUnitPlatformProvider.java:148)
	at org.apache.maven.surefire.junitplatform.JUnitPlatformProvider.invoke(JUnitPlatformProvider.java:122)
	at org.apache.maven.surefire.booter.ForkedBooter.runSuitesInProcess(ForkedBooter.java:385)
	at org.apache.maven.surefire.booter.ForkedBooter.execute(ForkedBooter.java:162)
	at org.apache.maven.surefire.booter.ForkedBooter.run(ForkedBooter.java:507)
	at org.apache.maven.surefire.booter.ForkedBooter.main(ForkedBooter.java:495)
]]></failure>
    <system-out><![CDATA[2025-08-21T23:26:49.505+01:00 DEBUG 16448 --- [           main] org.hibernate.SQL                        : 
    select
        c1_0.id,
        c1_0.code,
        c1_0.discount,
        c1_0.exp_date 
    from
        coupon c1_0
Hibernate: 
    select
        c1_0.id,
        c1_0.code,
        c1_0.discount,
        c1_0.exp_date 
    from
        coupon c1_0
2025-08-21T23:26:49.538+01:00 DEBUG 16448 --- [           main] org.hibernate.SQL                        : 
    delete 
    from
        coupon 
    where
        id=?
Hibernate: 
    delete 
    from
        coupon 
    where
        id=?
2025-08-21T23:26:49.540+01:00 DEBUG 16448 --- [           main] org.hibernate.SQL                        : 
    select
        count(*) 
    from
        coupon c1_0
Hibernate: 
    select
        count(*) 
    from
        coupon c1_0
2025-08-21T23:26:49.545+01:00 DEBUG 16448 --- [           main] o.s.web.client.RestTemplate              : HTTP POST http://localhost:56948/couponapi/coupons
2025-08-21T23:26:49.545+01:00 DEBUG 16448 --- [           main] o.s.web.client.RestTemplate              : Accept=[application/json, application/*+json]
2025-08-21T23:26:49.545+01:00 DEBUG 16448 --- [           main] o.s.web.client.RestTemplate              : Writing [com.tus.coupon.model.Coupon@1e12c4b] as "application/json"
2025-08-21T23:26:49.548+01:00 DEBUG 16448 --- [o-auto-1-exec-4] o.s.web.servlet.DispatcherServlet        : POST "/couponapi/coupons", parameters={}
2025-08-21T23:26:49.548+01:00 DEBUG 16448 --- [o-auto-1-exec-4] s.w.s.m.m.a.RequestMappingHandlerMapping : Mapped to com.tus.coupon.controller.CouponRestController#create(Coupon)
2025-08-21T23:26:49.550+01:00 DEBUG 16448 --- [o-auto-1-exec-4] m.m.a.RequestResponseBodyMethodProcessor : Read "application/json;charset=UTF-8" to [com.tus.coupon.model.Coupon@dd9b73c]
2025-08-21T23:26:49.551+01:00 DEBUG 16448 --- [o-auto-1-exec-4] org.hibernate.SQL                        : 
    insert 
    into
        coupon
        (code,discount,exp_date,id) 
    values
        (?,?,?,default)
Hibernate: 
    insert 
    into
        coupon
        (code,discount,exp_date,id) 
    values
        (?,?,?,default)
2025-08-21T23:26:49.554+01:00 DEBUG 16448 --- [o-auto-1-exec-4] o.s.w.s.m.m.a.HttpEntityMethodProcessor  : Using 'application/json', given [application/json, application/*+json] and supported [application/json, application/*+json]
2025-08-21T23:26:49.554+01:00 DEBUG 16448 --- [o-auto-1-exec-4] o.s.w.s.m.m.a.HttpEntityMethodProcessor  : Writing [com.tus.coupon.model.Coupon@dd9b73c]
2025-08-21T23:26:49.556+01:00 DEBUG 16448 --- [           main] o.s.web.client.RestTemplate              : Response 200 OK
2025-08-21T23:26:49.556+01:00 DEBUG 16448 --- [o-auto-1-exec-4] o.s.web.servlet.DispatcherServlet        : Completed 200 OK
2025-08-21T23:26:49.557+01:00 DEBUG 16448 --- [           main] o.s.web.client.RestTemplate              : Reading to [com.tus.coupon.model.Coupon]
2025-08-21T23:26:49.558+01:00 DEBUG 16448 --- [           main] o.s.web.client.RestTemplate              : HTTP POST http://localhost:56948/couponapi/coupons
2025-08-21T23:26:49.559+01:00 DEBUG 16448 --- [           main] o.s.web.client.RestTemplate              : Accept=[application/json, application/*+json]
2025-08-21T23:26:49.560+01:00 DEBUG 16448 --- [           main] o.s.web.client.RestTemplate              : Writing [com.tus.coupon.model.Coupon@6a72ad14] as "application/json"
2025-08-21T23:26:49.563+01:00 DEBUG 16448 --- [o-auto-1-exec-5] o.s.web.servlet.DispatcherServlet        : POST "/couponapi/coupons", parameters={}
2025-08-21T23:26:49.564+01:00 DEBUG 16448 --- [o-auto-1-exec-5] s.w.s.m.m.a.RequestMappingHandlerMapping : Mapped to com.tus.coupon.controller.CouponRestController#create(Coupon)
2025-08-21T23:26:49.566+01:00 DEBUG 16448 --- [o-auto-1-exec-5] m.m.a.RequestResponseBodyMethodProcessor : Read "application/json;charset=UTF-8" to [com.tus.coupon.model.Coupon@1cb7818b]
2025-08-21T23:26:49.567+01:00 DEBUG 16448 --- [o-auto-1-exec-5] org.hibernate.SQL                        : 
    insert 
    into
        coupon
        (code,discount,exp_date,id) 
    values
        (?,?,?,default)
Hibernate: 
    insert 
    into
        coupon
        (code,discount,exp_date,id) 
    values
        (?,?,?,default)
2025-08-21T23:26:49.570+01:00 DEBUG 16448 --- [o-auto-1-exec-5] o.s.w.s.m.m.a.HttpEntityMethodProcessor  : Using 'application/json', given [application/json, application/*+json] and supported [application/json, application/*+json]
2025-08-21T23:26:49.571+01:00 DEBUG 16448 --- [o-auto-1-exec-5] o.s.w.s.m.m.a.HttpEntityMethodProcessor  : Writing [com.tus.coupon.model.Coupon@1cb7818b]
2025-08-21T23:26:49.573+01:00 DEBUG 16448 --- [           main] o.s.web.client.RestTemplate              : Response 200 OK
2025-08-21T23:26:49.573+01:00 DEBUG 16448 --- [o-auto-1-exec-5] o.s.web.servlet.DispatcherServlet        : Completed 200 OK
2025-08-21T23:26:49.574+01:00 DEBUG 16448 --- [           main] o.s.web.client.RestTemplate              : Reading to [com.tus.coupon.model.Coupon]
2025-08-21T23:26:49.575+01:00 DEBUG 16448 --- [           main] o.s.web.client.RestTemplate              : HTTP POST http://localhost:56948/couponapi/coupons
2025-08-21T23:26:49.576+01:00 DEBUG 16448 --- [           main] o.s.web.client.RestTemplate              : Accept=[application/json, application/*+json]
2025-08-21T23:26:49.576+01:00 DEBUG 16448 --- [           main] o.s.web.client.RestTemplate              : Writing [com.tus.coupon.model.Coupon@446de403] as "application/json"
2025-08-21T23:26:49.579+01:00 DEBUG 16448 --- [o-auto-1-exec-6] o.s.web.servlet.DispatcherServlet        : POST "/couponapi/coupons", parameters={}
2025-08-21T23:26:49.580+01:00 DEBUG 16448 --- [o-auto-1-exec-6] s.w.s.m.m.a.RequestMappingHandlerMapping : Mapped to com.tus.coupon.controller.CouponRestController#create(Coupon)
2025-08-21T23:26:49.581+01:00 DEBUG 16448 --- [o-auto-1-exec-6] m.m.a.RequestResponseBodyMethodProcessor : Read "application/json;charset=UTF-8" to [com.tus.coupon.model.Coupon@77c721b3]
2025-08-21T23:26:49.582+01:00 DEBUG 16448 --- [o-auto-1-exec-6] org.hibernate.SQL                        : 
    insert 
    into
        coupon
        (code,discount,exp_date,id) 
    values
        (?,?,?,default)
Hibernate: 
    insert 
    into
        coupon
        (code,discount,exp_date,id) 
    values
        (?,?,?,default)
2025-08-21T23:26:49.585+01:00 DEBUG 16448 --- [o-auto-1-exec-6] o.s.w.s.m.m.a.HttpEntityMethodProcessor  : Using 'application/json', given [application/json, application/*+json] and supported [application/json, application/*+json]
2025-08-21T23:26:49.585+01:00 DEBUG 16448 --- [o-auto-1-exec-6] o.s.w.s.m.m.a.HttpEntityMethodProcessor  : Writing [com.tus.coupon.model.Coupon@77c721b3]
2025-08-21T23:26:49.587+01:00 DEBUG 16448 --- [o-auto-1-exec-6] o.s.web.servlet.DispatcherServlet        : Completed 200 OK
2025-08-21T23:26:49.587+01:00 DEBUG 16448 --- [           main] o.s.web.client.RestTemplate              : Response 200 OK
2025-08-21T23:26:49.587+01:00 DEBUG 16448 --- [           main] o.s.web.client.RestTemplate              : Reading to [com.tus.coupon.model.Coupon]
2025-08-21T23:26:49.588+01:00 DEBUG 16448 --- [           main] o.s.web.client.RestTemplate              : HTTP POST http://localhost:56948/couponapi/coupons
2025-08-21T23:26:49.589+01:00 DEBUG 16448 --- [           main] o.s.web.client.RestTemplate              : Accept=[application/json, application/*+json]
2025-08-21T23:26:49.589+01:00 DEBUG 16448 --- [           main] o.s.web.client.RestTemplate              : Writing [com.tus.coupon.model.Coupon@5fec1b3f] as "application/json"
2025-08-21T23:26:49.593+01:00 DEBUG 16448 --- [-auto-1-exec-10] o.s.web.servlet.DispatcherServlet        : POST "/couponapi/coupons", parameters={}
2025-08-21T23:26:49.594+01:00 DEBUG 16448 --- [-auto-1-exec-10] s.w.s.m.m.a.RequestMappingHandlerMapping : Mapped to com.tus.coupon.controller.CouponRestController#create(Coupon)
2025-08-21T23:26:49.595+01:00 DEBUG 16448 --- [-auto-1-exec-10] m.m.a.RequestResponseBodyMethodProcessor : Read "application/json;charset=UTF-8" to [com.tus.coupon.model.Coupon@26eaceff]
2025-08-21T23:26:49.596+01:00 DEBUG 16448 --- [-auto-1-exec-10] org.hibernate.SQL                        : 
    insert 
    into
        coupon
        (code,discount,exp_date,id) 
    values
        (?,?,?,default)
Hibernate: 
    insert 
    into
        coupon
        (code,discount,exp_date,id) 
    values
        (?,?,?,default)
2025-08-21T23:26:49.599+01:00 DEBUG 16448 --- [-auto-1-exec-10] o.s.w.s.m.m.a.HttpEntityMethodProcessor  : Using 'application/json', given [application/json, application/*+json] and supported [application/json, application/*+json]
2025-08-21T23:26:49.599+01:00 DEBUG 16448 --- [-auto-1-exec-10] o.s.w.s.m.m.a.HttpEntityMethodProcessor  : Writing [com.tus.coupon.model.Coupon@26eaceff]
2025-08-21T23:26:49.601+01:00 DEBUG 16448 --- [-auto-1-exec-10] o.s.web.servlet.DispatcherServlet        : Completed 200 OK
2025-08-21T23:26:49.601+01:00 DEBUG 16448 --- [           main] o.s.web.client.RestTemplate              : Response 200 OK
2025-08-21T23:26:49.602+01:00 DEBUG 16448 --- [           main] o.s.web.client.RestTemplate              : Reading to [com.tus.coupon.model.Coupon]
2025-08-21T23:26:49.603+01:00 DEBUG 16448 --- [           main] o.s.web.client.RestTemplate              : HTTP POST http://localhost:56948/couponapi/coupons
2025-08-21T23:26:49.603+01:00 DEBUG 16448 --- [           main] o.s.web.client.RestTemplate              : Accept=[application/json, application/*+json]
2025-08-21T23:26:49.603+01:00 DEBUG 16448 --- [           main] o.s.web.client.RestTemplate              : Writing [com.tus.coupon.model.Coupon@57e7f7fd] as "application/json"
2025-08-21T23:26:49.606+01:00 DEBUG 16448 --- [o-auto-1-exec-7] o.s.web.servlet.DispatcherServlet        : POST "/couponapi/coupons", parameters={}
2025-08-21T23:26:49.606+01:00 DEBUG 16448 --- [o-auto-1-exec-7] s.w.s.m.m.a.RequestMappingHandlerMapping : Mapped to com.tus.coupon.controller.CouponRestController#create(Coupon)
2025-08-21T23:26:49.607+01:00 DEBUG 16448 --- [o-auto-1-exec-7] m.m.a.RequestResponseBodyMethodProcessor : Read "application/json;charset=UTF-8" to [com.tus.coupon.model.Coupon@5488238d]
2025-08-21T23:26:49.609+01:00 DEBUG 16448 --- [o-auto-1-exec-7] org.hibernate.SQL                        : 
    insert 
    into
        coupon
        (code,discount,exp_date,id) 
    values
        (?,?,?,default)
Hibernate: 
    insert 
    into
        coupon
        (code,discount,exp_date,id) 
    values
        (?,?,?,default)
2025-08-21T23:26:49.611+01:00 DEBUG 16448 --- [o-auto-1-exec-7] o.s.w.s.m.m.a.HttpEntityMethodProcessor  : Using 'application/json', given [application/json, application/*+json] and supported [application/json, application/*+json]
2025-08-21T23:26:49.612+01:00 DEBUG 16448 --- [o-auto-1-exec-7] o.s.w.s.m.m.a.HttpEntityMethodProcessor  : Writing [com.tus.coupon.model.Coupon@5488238d]
2025-08-21T23:26:49.613+01:00 DEBUG 16448 --- [o-auto-1-exec-7] o.s.web.servlet.DispatcherServlet        : Completed 200 OK
2025-08-21T23:26:49.613+01:00 DEBUG 16448 --- [           main] o.s.web.client.RestTemplate              : Response 200 OK
2025-08-21T23:26:49.613+01:00 DEBUG 16448 --- [           main] o.s.web.client.RestTemplate              : Reading to [com.tus.coupon.model.Coupon]
2025-08-21T23:26:49.615+01:00 DEBUG 16448 --- [           main] o.s.web.client.RestTemplate              : HTTP GET http://localhost:56948/couponapi/coupons
2025-08-21T23:26:49.615+01:00 DEBUG 16448 --- [           main] o.s.web.client.RestTemplate              : Accept=[application/json, application/*+json]
2025-08-21T23:26:49.617+01:00 DEBUG 16448 --- [o-auto-1-exec-9] o.s.web.servlet.DispatcherServlet        : GET "/couponapi/coupons", parameters={}
2025-08-21T23:26:49.617+01:00 DEBUG 16448 --- [o-auto-1-exec-9] s.w.s.m.m.a.RequestMappingHandlerMapping : Mapped to com.tus.coupon.controller.CouponRestController#getAllCoupons()
2025-08-21T23:26:49.619+01:00 DEBUG 16448 --- [o-auto-1-exec-9] org.hibernate.SQL                        : 
    select
        c1_0.id,
        c1_0.code,
        c1_0.discount,
        c1_0.exp_date 
    from
        coupon c1_0
Hibernate: 
    select
        c1_0.id,
        c1_0.code,
        c1_0.discount,
        c1_0.exp_date 
    from
        coupon c1_0
2025-08-21T23:26:49.623+01:00 DEBUG 16448 --- [o-auto-1-exec-9] m.m.a.RequestResponseBodyMethodProcessor : Using 'application/json', given [application/json, application/*+json] and supported [application/json, application/*+json]
2025-08-21T23:26:49.623+01:00 DEBUG 16448 --- [o-auto-1-exec-9] m.m.a.RequestResponseBodyMethodProcessor : Writing [[com.tus.coupon.model.Coupon@4b6c0b5a, com.tus.coupon.model.Coupon@4f0f1f3d, com.tus.coupon.model.Co (truncated)...]
2025-08-21T23:26:49.624+01:00 DEBUG 16448 --- [o-auto-1-exec-9] o.s.web.servlet.DispatcherServlet        : Completed 200 OK
2025-08-21T23:26:49.625+01:00 DEBUG 16448 --- [           main] o.s.web.client.RestTemplate              : Response 200 OK
2025-08-21T23:26:49.625+01:00 DEBUG 16448 --- [           main] o.s.web.client.RestTemplate              : Reading to [com.tus.coupon.model.Coupon[]]
]]></system-out>
  </testcase>
  <testcase name="shouldMaintainDataConsistencyAcrossOperations" classname="com.tus.coupon.e2e.CouponServiceE2ETest" time="0.065">
    <failure message="&#10;expected: 7L&#10; but was: 1L" type="org.opentest4j.AssertionFailedError"><![CDATA[org.opentest4j.AssertionFailedError: 

expected: 7L
 but was: 1L
	at java.base/jdk.internal.reflect.DirectConstructorHandleAccessor.newInstance(DirectConstructorHandleAccessor.java:62)
	at java.base/java.lang.reflect.Constructor.newInstanceWithCaller(Constructor.java:502)
	at com.tus.coupon.e2e.CouponServiceE2ETest.shouldMaintainDataConsistencyAcrossOperations(CouponServiceE2ETest.java:228)
	at java.base/jdk.internal.reflect.DirectMethodHandleAccessor.invoke(DirectMethodHandleAccessor.java:103)
	at java.base/java.lang.reflect.Method.invoke(Method.java:580)
	at org.junit.platform.commons.util.ReflectionUtils.invokeMethod(ReflectionUtils.java:727)
	at org.junit.jupiter.engine.execution.MethodInvocation.proceed(MethodInvocation.java:60)
	at org.junit.jupiter.engine.execution.InvocationInterceptorChain$ValidatingInvocation.proceed(InvocationInterceptorChain.java:131)
	at org.junit.jupiter.engine.extension.TimeoutExtension.intercept(TimeoutExtension.java:156)
	at org.junit.jupiter.engine.extension.TimeoutExtension.interceptTestableMethod(TimeoutExtension.java:147)
	at org.junit.jupiter.engine.extension.TimeoutExtension.interceptTestMethod(TimeoutExtension.java:86)
	at org.junit.jupiter.engine.execution.InterceptingExecutableInvoker$ReflectiveInterceptorCall.lambda$ofVoidMethod$0(InterceptingExecutableInvoker.java:103)
	at org.junit.jupiter.engine.execution.InterceptingExecutableInvoker.lambda$invoke$0(InterceptingExecutableInvoker.java:93)
	at org.junit.jupiter.engine.execution.InvocationInterceptorChain$InterceptedInvocation.proceed(InvocationInterceptorChain.java:106)
	at org.junit.jupiter.engine.execution.InvocationInterceptorChain.proceed(InvocationInterceptorChain.java:64)
	at org.junit.jupiter.engine.execution.InvocationInterceptorChain.chainAndInvoke(InvocationInterceptorChain.java:45)
	at org.junit.jupiter.engine.execution.InvocationInterceptorChain.invoke(InvocationInterceptorChain.java:37)
	at org.junit.jupiter.engine.execution.InterceptingExecutableInvoker.invoke(InterceptingExecutableInvoker.java:92)
	at org.junit.jupiter.engine.execution.InterceptingExecutableInvoker.invoke(InterceptingExecutableInvoker.java:86)
	at org.junit.jupiter.engine.descriptor.TestMethodTestDescriptor.lambda$invokeTestMethod$7(TestMethodTestDescriptor.java:217)
	at org.junit.platform.engine.support.hierarchical.ThrowableCollector.execute(ThrowableCollector.java:73)
	at org.junit.jupiter.engine.descriptor.TestMethodTestDescriptor.invokeTestMethod(TestMethodTestDescriptor.java:213)
	at org.junit.jupiter.engine.descriptor.TestMethodTestDescriptor.execute(TestMethodTestDescriptor.java:138)
	at org.junit.jupiter.engine.descriptor.TestMethodTestDescriptor.execute(TestMethodTestDescriptor.java:68)
	at org.junit.platform.engine.support.hierarchical.NodeTestTask.lambda$executeRecursively$6(NodeTestTask.java:151)
	at org.junit.platform.engine.support.hierarchical.ThrowableCollector.execute(ThrowableCollector.java:73)
	at org.junit.platform.engine.support.hierarchical.NodeTestTask.lambda$executeRecursively$8(NodeTestTask.java:141)
	at org.junit.platform.engine.support.hierarchical.Node.around(Node.java:137)
	at org.junit.platform.engine.support.hierarchical.NodeTestTask.lambda$executeRecursively$9(NodeTestTask.java:139)
	at org.junit.platform.engine.support.hierarchical.ThrowableCollector.execute(ThrowableCollector.java:73)
	at org.junit.platform.engine.support.hierarchical.NodeTestTask.executeRecursively(NodeTestTask.java:138)
	at org.junit.platform.engine.support.hierarchical.NodeTestTask.execute(NodeTestTask.java:95)
	at java.base/java.util.ArrayList.forEach(ArrayList.java:1596)
	at org.junit.platform.engine.support.hierarchical.SameThreadHierarchicalTestExecutorService.invokeAll(SameThreadHierarchicalTestExecutorService.java:41)
	at org.junit.platform.engine.support.hierarchical.NodeTestTask.lambda$executeRecursively$6(NodeTestTask.java:155)
	at org.junit.platform.engine.support.hierarchical.ThrowableCollector.execute(ThrowableCollector.java:73)
	at org.junit.platform.engine.support.hierarchical.NodeTestTask.lambda$executeRecursively$8(NodeTestTask.java:141)
	at org.junit.platform.engine.support.hierarchical.Node.around(Node.java:137)
	at org.junit.platform.engine.support.hierarchical.NodeTestTask.lambda$executeRecursively$9(NodeTestTask.java:139)
	at org.junit.platform.engine.support.hierarchical.ThrowableCollector.execute(ThrowableCollector.java:73)
	at org.junit.platform.engine.support.hierarchical.NodeTestTask.executeRecursively(NodeTestTask.java:138)
	at org.junit.platform.engine.support.hierarchical.NodeTestTask.execute(NodeTestTask.java:95)
	at java.base/java.util.ArrayList.forEach(ArrayList.java:1596)
	at org.junit.platform.engine.support.hierarchical.SameThreadHierarchicalTestExecutorService.invokeAll(SameThreadHierarchicalTestExecutorService.java:41)
	at org.junit.platform.engine.support.hierarchical.NodeTestTask.lambda$executeRecursively$6(NodeTestTask.java:155)
	at org.junit.platform.engine.support.hierarchical.ThrowableCollector.execute(ThrowableCollector.java:73)
	at org.junit.platform.engine.support.hierarchical.NodeTestTask.lambda$executeRecursively$8(NodeTestTask.java:141)
	at org.junit.platform.engine.support.hierarchical.Node.around(Node.java:137)
	at org.junit.platform.engine.support.hierarchical.NodeTestTask.lambda$executeRecursively$9(NodeTestTask.java:139)
	at org.junit.platform.engine.support.hierarchical.ThrowableCollector.execute(ThrowableCollector.java:73)
	at org.junit.platform.engine.support.hierarchical.NodeTestTask.executeRecursively(NodeTestTask.java:138)
	at org.junit.platform.engine.support.hierarchical.NodeTestTask.execute(NodeTestTask.java:95)
	at org.junit.platform.engine.support.hierarchical.SameThreadHierarchicalTestExecutorService.submit(SameThreadHierarchicalTestExecutorService.java:35)
	at org.junit.platform.engine.support.hierarchical.HierarchicalTestExecutor.execute(HierarchicalTestExecutor.java:57)
	at org.junit.platform.engine.support.hierarchical.HierarchicalTestEngine.execute(HierarchicalTestEngine.java:54)
	at org.junit.platform.launcher.core.EngineExecutionOrchestrator.execute(EngineExecutionOrchestrator.java:147)
	at org.junit.platform.launcher.core.EngineExecutionOrchestrator.execute(EngineExecutionOrchestrator.java:127)
	at org.junit.platform.launcher.core.EngineExecutionOrchestrator.execute(EngineExecutionOrchestrator.java:90)
	at org.junit.platform.launcher.core.EngineExecutionOrchestrator.lambda$execute$0(EngineExecutionOrchestrator.java:55)
	at org.junit.platform.launcher.core.EngineExecutionOrchestrator.withInterceptedStreams(EngineExecutionOrchestrator.java:102)
	at org.junit.platform.launcher.core.EngineExecutionOrchestrator.execute(EngineExecutionOrchestrator.java:54)
	at org.junit.platform.launcher.core.DefaultLauncher.execute(DefaultLauncher.java:114)
	at org.junit.platform.launcher.core.DefaultLauncher.execute(DefaultLauncher.java:86)
	at org.junit.platform.launcher.core.DefaultLauncherSession$DelegatingLauncher.execute(DefaultLauncherSession.java:86)
	at org.apache.maven.surefire.junitplatform.LazyLauncher.execute(LazyLauncher.java:56)
	at org.apache.maven.surefire.junitplatform.JUnitPlatformProvider.execute(JUnitPlatformProvider.java:184)
	at org.apache.maven.surefire.junitplatform.JUnitPlatformProvider.invokeAllTests(JUnitPlatformProvider.java:148)
	at org.apache.maven.surefire.junitplatform.JUnitPlatformProvider.invoke(JUnitPlatformProvider.java:122)
	at org.apache.maven.surefire.booter.ForkedBooter.runSuitesInProcess(ForkedBooter.java:385)
	at org.apache.maven.surefire.booter.ForkedBooter.execute(ForkedBooter.java:162)
	at org.apache.maven.surefire.booter.ForkedBooter.run(ForkedBooter.java:507)
	at org.apache.maven.surefire.booter.ForkedBooter.main(ForkedBooter.java:495)
]]></failure>
    <system-out><![CDATA[2025-08-21T23:26:49.658+01:00 DEBUG 16448 --- [           main] org.hibernate.SQL                        : 
    select
        c1_0.id,
        c1_0.code,
        c1_0.discount,
        c1_0.exp_date 
    from
        coupon c1_0
Hibernate: 
    select
        c1_0.id,
        c1_0.code,
        c1_0.discount,
        c1_0.exp_date 
    from
        coupon c1_0
2025-08-21T23:26:49.663+01:00 DEBUG 16448 --- [           main] org.hibernate.SQL                        : 
    delete 
    from
        coupon 
    where
        id=?
Hibernate: 
    delete 
    from
        coupon 
    where
        id=?
2025-08-21T23:26:49.664+01:00 DEBUG 16448 --- [           main] org.hibernate.SQL                        : 
    delete 
    from
        coupon 
    where
        id=?
Hibernate: 
    delete 
    from
        coupon 
    where
        id=?
2025-08-21T23:26:49.665+01:00 DEBUG 16448 --- [           main] org.hibernate.SQL                        : 
    delete 
    from
        coupon 
    where
        id=?
Hibernate: 
    delete 
    from
        coupon 
    where
        id=?
2025-08-21T23:26:49.666+01:00 DEBUG 16448 --- [           main] org.hibernate.SQL                        : 
    delete 
    from
        coupon 
    where
        id=?
Hibernate: 
    delete 
    from
        coupon 
    where
        id=?
2025-08-21T23:26:49.667+01:00 DEBUG 16448 --- [           main] org.hibernate.SQL                        : 
    delete 
    from
        coupon 
    where
        id=?
Hibernate: 
    delete 
    from
        coupon 
    where
        id=?
2025-08-21T23:26:49.668+01:00 DEBUG 16448 --- [           main] org.hibernate.SQL                        : 
    delete 
    from
        coupon 
    where
        id=?
Hibernate: 
    delete 
    from
        coupon 
    where
        id=?
2025-08-21T23:26:49.669+01:00 DEBUG 16448 --- [           main] org.hibernate.SQL                        : 
    select
        count(*) 
    from
        coupon c1_0
Hibernate: 
    select
        count(*) 
    from
        coupon c1_0
2025-08-21T23:26:49.672+01:00 DEBUG 16448 --- [           main] o.s.web.client.RestTemplate              : HTTP POST http://localhost:56948/couponapi/coupons
2025-08-21T23:26:49.672+01:00 DEBUG 16448 --- [           main] o.s.web.client.RestTemplate              : Accept=[application/json, application/*+json]
2025-08-21T23:26:49.672+01:00 DEBUG 16448 --- [           main] o.s.web.client.RestTemplate              : Writing [com.tus.coupon.model.Coupon@521d13fc] as "application/json"
2025-08-21T23:26:49.675+01:00 DEBUG 16448 --- [o-auto-1-exec-8] o.s.web.servlet.DispatcherServlet        : POST "/couponapi/coupons", parameters={}
2025-08-21T23:26:49.675+01:00 DEBUG 16448 --- [o-auto-1-exec-8] s.w.s.m.m.a.RequestMappingHandlerMapping : Mapped to com.tus.coupon.controller.CouponRestController#create(Coupon)
2025-08-21T23:26:49.676+01:00 DEBUG 16448 --- [o-auto-1-exec-8] m.m.a.RequestResponseBodyMethodProcessor : Read "application/json;charset=UTF-8" to [com.tus.coupon.model.Coupon@7d306b7a]
2025-08-21T23:26:49.677+01:00 DEBUG 16448 --- [o-auto-1-exec-8] org.hibernate.SQL                        : 
    insert 
    into
        coupon
        (code,discount,exp_date,id) 
    values
        (?,?,?,default)
Hibernate: 
    insert 
    into
        coupon
        (code,discount,exp_date,id) 
    values
        (?,?,?,default)
2025-08-21T23:26:49.679+01:00 DEBUG 16448 --- [o-auto-1-exec-8] o.s.w.s.m.m.a.HttpEntityMethodProcessor  : Using 'application/json', given [application/json, application/*+json] and supported [application/json, application/*+json]
2025-08-21T23:26:49.680+01:00 DEBUG 16448 --- [o-auto-1-exec-8] o.s.w.s.m.m.a.HttpEntityMethodProcessor  : Writing [com.tus.coupon.model.Coupon@7d306b7a]
2025-08-21T23:26:49.680+01:00 DEBUG 16448 --- [o-auto-1-exec-8] o.s.web.servlet.DispatcherServlet        : Completed 200 OK
2025-08-21T23:26:49.681+01:00 DEBUG 16448 --- [           main] o.s.web.client.RestTemplate              : Response 200 OK
2025-08-21T23:26:49.681+01:00 DEBUG 16448 --- [           main] o.s.web.client.RestTemplate              : Reading to [com.tus.coupon.model.Coupon]
2025-08-21T23:26:49.682+01:00 DEBUG 16448 --- [           main] o.s.web.client.RestTemplate              : HTTP GET http://localhost:56948/couponapi/coupons/CONSISTENCY_TEST
2025-08-21T23:26:49.683+01:00 DEBUG 16448 --- [           main] o.s.web.client.RestTemplate              : Accept=[application/json, application/*+json]
2025-08-21T23:26:49.685+01:00 DEBUG 16448 --- [o-auto-1-exec-1] o.s.web.servlet.DispatcherServlet        : GET "/couponapi/coupons/CONSISTENCY_TEST", parameters={}
2025-08-21T23:26:49.686+01:00 DEBUG 16448 --- [o-auto-1-exec-1] s.w.s.m.m.a.RequestMappingHandlerMapping : Mapped to com.tus.coupon.controller.CouponRestController#getCouponByCouponCode(String)
CONSISTENCY_TEST
2025-08-21T23:26:49.688+01:00 DEBUG 16448 --- [o-auto-1-exec-1] org.hibernate.SQL                        : 
    select
        c1_0.id,
        c1_0.code,
        c1_0.discount,
        c1_0.exp_date 
    from
        coupon c1_0 
    where
        c1_0.code=?
Hibernate: 
    select
        c1_0.id,
        c1_0.code,
        c1_0.discount,
        c1_0.exp_date 
    from
        coupon c1_0 
    where
        c1_0.code=?
2025-08-21T23:26:49.691+01:00 DEBUG 16448 --- [o-auto-1-exec-1] m.m.a.RequestResponseBodyMethodProcessor : Using 'application/json', given [application/json, application/*+json] and supported [application/json, application/*+json]
2025-08-21T23:26:49.692+01:00 DEBUG 16448 --- [o-auto-1-exec-1] m.m.a.RequestResponseBodyMethodProcessor : Writing [com.tus.coupon.model.Coupon@1beeb5fa]
2025-08-21T23:26:49.693+01:00 DEBUG 16448 --- [o-auto-1-exec-1] o.s.web.servlet.DispatcherServlet        : Completed 200 OK
2025-08-21T23:26:49.693+01:00 DEBUG 16448 --- [           main] o.s.web.client.RestTemplate              : Response 200 OK
2025-08-21T23:26:49.693+01:00 DEBUG 16448 --- [           main] o.s.web.client.RestTemplate              : Reading to [com.tus.coupon.model.Coupon]
2025-08-21T23:26:49.694+01:00 DEBUG 16448 --- [           main] o.s.web.client.RestTemplate              : HTTP GET http://localhost:56948/couponapi/coupons
2025-08-21T23:26:49.695+01:00 DEBUG 16448 --- [           main] o.s.web.client.RestTemplate              : Accept=[application/json, application/*+json]
2025-08-21T23:26:49.697+01:00 DEBUG 16448 --- [o-auto-1-exec-2] o.s.web.servlet.DispatcherServlet        : GET "/couponapi/coupons", parameters={}
2025-08-21T23:26:49.699+01:00 DEBUG 16448 --- [o-auto-1-exec-2] s.w.s.m.m.a.RequestMappingHandlerMapping : Mapped to com.tus.coupon.controller.CouponRestController#getAllCoupons()
2025-08-21T23:26:49.701+01:00 DEBUG 16448 --- [o-auto-1-exec-2] org.hibernate.SQL                        : 
    select
        c1_0.id,
        c1_0.code,
        c1_0.discount,
        c1_0.exp_date 
    from
        coupon c1_0
Hibernate: 
    select
        c1_0.id,
        c1_0.code,
        c1_0.discount,
        c1_0.exp_date 
    from
        coupon c1_0
2025-08-21T23:26:49.704+01:00 DEBUG 16448 --- [o-auto-1-exec-2] m.m.a.RequestResponseBodyMethodProcessor : Using 'application/json', given [application/json, application/*+json] and supported [application/json, application/*+json]
2025-08-21T23:26:49.705+01:00 DEBUG 16448 --- [o-auto-1-exec-2] m.m.a.RequestResponseBodyMethodProcessor : Writing [[com.tus.coupon.model.Coupon@3606bed5, com.tus.coupon.model.Coupon@63ad5e93, com.tus.coupon.model.Co (truncated)...]
2025-08-21T23:26:49.706+01:00 DEBUG 16448 --- [o-auto-1-exec-2] o.s.web.servlet.DispatcherServlet        : Completed 200 OK
2025-08-21T23:26:49.707+01:00 DEBUG 16448 --- [           main] o.s.web.client.RestTemplate              : Response 200 OK
2025-08-21T23:26:49.707+01:00 DEBUG 16448 --- [           main] o.s.web.client.RestTemplate              : Reading to [com.tus.coupon.model.Coupon[]]
2025-08-21T23:26:49.710+01:00 DEBUG 16448 --- [           main] org.hibernate.SQL                        : 
    select
        c1_0.id,
        c1_0.code,
        c1_0.discount,
        c1_0.exp_date 
    from
        coupon c1_0 
    where
        c1_0.code=?
Hibernate: 
    select
        c1_0.id,
        c1_0.code,
        c1_0.discount,
        c1_0.exp_date 
    from
        coupon c1_0 
    where
        c1_0.code=?
]]></system-out>
  </testcase>
  <testcase name="shouldHandleMalformedRequestsAppropriately" classname="com.tus.coupon.e2e.CouponServiceE2ETest" time="0.086">
    <system-out><![CDATA[2025-08-21T23:26:49.724+01:00 DEBUG 16448 --- [           main] org.hibernate.SQL                        : 
    select
        c1_0.id,
        c1_0.code,
        c1_0.discount,
        c1_0.exp_date 
    from
        coupon c1_0
Hibernate: 
    select
        c1_0.id,
        c1_0.code,
        c1_0.discount,
        c1_0.exp_date 
    from
        coupon c1_0
2025-08-21T23:26:49.729+01:00 DEBUG 16448 --- [           main] org.hibernate.SQL                        : 
    delete 
    from
        coupon 
    where
        id=?
Hibernate: 
    delete 
    from
        coupon 
    where
        id=?
2025-08-21T23:26:49.731+01:00 DEBUG 16448 --- [           main] org.hibernate.SQL                        : 
    delete 
    from
        coupon 
    where
        id=?
Hibernate: 
    delete 
    from
        coupon 
    where
        id=?
2025-08-21T23:26:49.732+01:00 DEBUG 16448 --- [           main] org.hibernate.SQL                        : 
    delete 
    from
        coupon 
    where
        id=?
Hibernate: 
    delete 
    from
        coupon 
    where
        id=?
2025-08-21T23:26:49.733+01:00 DEBUG 16448 --- [           main] org.hibernate.SQL                        : 
    delete 
    from
        coupon 
    where
        id=?
Hibernate: 
    delete 
    from
        coupon 
    where
        id=?
2025-08-21T23:26:49.734+01:00 DEBUG 16448 --- [           main] org.hibernate.SQL                        : 
    delete 
    from
        coupon 
    where
        id=?
Hibernate: 
    delete 
    from
        coupon 
    where
        id=?
2025-08-21T23:26:49.736+01:00 DEBUG 16448 --- [           main] org.hibernate.SQL                        : 
    delete 
    from
        coupon 
    where
        id=?
Hibernate: 
    delete 
    from
        coupon 
    where
        id=?
2025-08-21T23:26:49.737+01:00 DEBUG 16448 --- [           main] org.hibernate.SQL                        : 
    delete 
    from
        coupon 
    where
        id=?
Hibernate: 
    delete 
    from
        coupon 
    where
        id=?
2025-08-21T23:26:49.738+01:00 DEBUG 16448 --- [           main] org.hibernate.SQL                        : 
    select
        count(*) 
    from
        coupon c1_0
Hibernate: 
    select
        count(*) 
    from
        coupon c1_0
2025-08-21T23:26:49.740+01:00 DEBUG 16448 --- [           main] o.s.web.client.RestTemplate              : HTTP POST http://localhost:56948/couponapi/coupons
2025-08-21T23:26:49.741+01:00 DEBUG 16448 --- [           main] o.s.web.client.RestTemplate              : Accept=[text/plain, application/json, application/*+json, */*]
2025-08-21T23:26:49.743+01:00 DEBUG 16448 --- [           main] o.s.web.client.RestTemplate              : Writing [{ "code": "MALFORMED", "discount": "invalid" }] as "application/json"
2025-08-21T23:26:49.748+01:00 DEBUG 16448 --- [o-auto-1-exec-3] o.s.web.servlet.DispatcherServlet        : POST "/couponapi/coupons", parameters={}
2025-08-21T23:26:49.748+01:00 DEBUG 16448 --- [o-auto-1-exec-3] s.w.s.m.m.a.RequestMappingHandlerMapping : Mapped to com.tus.coupon.controller.CouponRestController#create(Coupon)
2025-08-21T23:26:49.756+01:00 DEBUG 16448 --- [o-auto-1-exec-3] o.s.web.method.HandlerMethod             : Could not resolve parameter [0] in public org.springframework.http.ResponseEntity<com.tus.coupon.model.Coupon> com.tus.coupon.controller.CouponRestController.create(com.tus.coupon.model.Coupon): JSON parse error: Cannot deserialize value of type `java.math.BigDecimal` from String "invalid": not a valid representation
2025-08-21T23:26:49.756+01:00  WARN 16448 --- [o-auto-1-exec-3] .w.s.m.s.DefaultHandlerExceptionResolver : Resolved [org.springframework.http.converter.HttpMessageNotReadableException: JSON parse error: Cannot deserialize value of type `java.math.BigDecimal` from String "invalid": not a valid representation]
2025-08-21T23:26:49.757+01:00 DEBUG 16448 --- [o-auto-1-exec-3] o.s.web.servlet.DispatcherServlet        : Completed 400 BAD_REQUEST
2025-08-21T23:26:49.769+01:00 DEBUG 16448 --- [o-auto-1-exec-3] o.s.web.servlet.DispatcherServlet        : "ERROR" dispatch for POST "/error", parameters={}
2025-08-21T23:26:49.771+01:00 DEBUG 16448 --- [o-auto-1-exec-3] s.w.s.m.m.a.RequestMappingHandlerMapping : Mapped to org.springframework.boot.autoconfigure.web.servlet.error.BasicErrorController#error(HttpServletRequest)
2025-08-21T23:26:49.781+01:00 DEBUG 16448 --- [o-auto-1-exec-3] o.s.w.s.m.m.a.HttpEntityMethodProcessor  : Using 'application/json', given [text/plain, application/json, application/*+json, */*] and supported [application/json, application/*+json]
2025-08-21T23:26:49.782+01:00 DEBUG 16448 --- [o-auto-1-exec-3] o.s.w.s.m.m.a.HttpEntityMethodProcessor  : Writing [{timestamp=Thu Aug 21 23:26:49 BST 2025, status=400, error=Bad Request, path=/couponapi/coupons}]
2025-08-21T23:26:49.795+01:00 DEBUG 16448 --- [           main] o.s.web.client.RestTemplate              : Response 400 BAD_REQUEST
2025-08-21T23:26:49.796+01:00 DEBUG 16448 --- [           main] o.s.web.client.RestTemplate              : Reading to [java.lang.String] as "application/json"
2025-08-21T23:26:49.800+01:00 DEBUG 16448 --- [o-auto-1-exec-3] o.s.web.servlet.DispatcherServlet        : Exiting from "ERROR" dispatch, status 400
]]></system-out>
  </testcase>
  <testcase name="shouldHandleEdgeCasesInCouponData" classname="com.tus.coupon.e2e.CouponServiceE2ETest" time="0.042">
    <system-out><![CDATA[2025-08-21T23:26:49.811+01:00 DEBUG 16448 --- [           main] org.hibernate.SQL                        : 
    select
        c1_0.id,
        c1_0.code,
        c1_0.discount,
        c1_0.exp_date 
    from
        coupon c1_0
Hibernate: 
    select
        c1_0.id,
        c1_0.code,
        c1_0.discount,
        c1_0.exp_date 
    from
        coupon c1_0
2025-08-21T23:26:49.817+01:00 DEBUG 16448 --- [           main] org.hibernate.SQL                        : 
    delete 
    from
        coupon 
    where
        id=?
Hibernate: 
    delete 
    from
        coupon 
    where
        id=?
2025-08-21T23:26:49.818+01:00 DEBUG 16448 --- [           main] org.hibernate.SQL                        : 
    delete 
    from
        coupon 
    where
        id=?
Hibernate: 
    delete 
    from
        coupon 
    where
        id=?
2025-08-21T23:26:49.819+01:00 DEBUG 16448 --- [           main] org.hibernate.SQL                        : 
    delete 
    from
        coupon 
    where
        id=?
Hibernate: 
    delete 
    from
        coupon 
    where
        id=?
2025-08-21T23:26:49.820+01:00 DEBUG 16448 --- [           main] org.hibernate.SQL                        : 
    delete 
    from
        coupon 
    where
        id=?
Hibernate: 
    delete 
    from
        coupon 
    where
        id=?
2025-08-21T23:26:49.820+01:00 DEBUG 16448 --- [           main] org.hibernate.SQL                        : 
    delete 
    from
        coupon 
    where
        id=?
Hibernate: 
    delete 
    from
        coupon 
    where
        id=?
2025-08-21T23:26:49.821+01:00 DEBUG 16448 --- [           main] org.hibernate.SQL                        : 
    delete 
    from
        coupon 
    where
        id=?
Hibernate: 
    delete 
    from
        coupon 
    where
        id=?
2025-08-21T23:26:49.821+01:00 DEBUG 16448 --- [           main] org.hibernate.SQL                        : 
    delete 
    from
        coupon 
    where
        id=?
Hibernate: 
    delete 
    from
        coupon 
    where
        id=?
2025-08-21T23:26:49.822+01:00 DEBUG 16448 --- [           main] org.hibernate.SQL                        : 
    select
        count(*) 
    from
        coupon c1_0
Hibernate: 
    select
        count(*) 
    from
        coupon c1_0
2025-08-21T23:26:49.824+01:00 DEBUG 16448 --- [           main] o.s.web.client.RestTemplate              : HTTP POST http://localhost:56948/couponapi/coupons
2025-08-21T23:26:49.825+01:00 DEBUG 16448 --- [           main] o.s.web.client.RestTemplate              : Accept=[application/json, application/*+json]
2025-08-21T23:26:49.826+01:00 DEBUG 16448 --- [           main] o.s.web.client.RestTemplate              : Writing [com.tus.coupon.model.Coupon@de24773] as "application/json"
2025-08-21T23:26:49.829+01:00 DEBUG 16448 --- [o-auto-1-exec-4] o.s.web.servlet.DispatcherServlet        : POST "/couponapi/coupons", parameters={}
2025-08-21T23:26:49.829+01:00 DEBUG 16448 --- [o-auto-1-exec-4] s.w.s.m.m.a.RequestMappingHandlerMapping : Mapped to com.tus.coupon.controller.CouponRestController#create(Coupon)
2025-08-21T23:26:49.831+01:00 DEBUG 16448 --- [o-auto-1-exec-4] m.m.a.RequestResponseBodyMethodProcessor : Read "application/json;charset=UTF-8" to [com.tus.coupon.model.Coupon@6d2cc9cc]
2025-08-21T23:26:49.832+01:00 DEBUG 16448 --- [o-auto-1-exec-4] org.hibernate.SQL                        : 
    insert 
    into
        coupon
        (code,discount,exp_date,id) 
    values
        (?,?,?,default)
Hibernate: 
    insert 
    into
        coupon
        (code,discount,exp_date,id) 
    values
        (?,?,?,default)
2025-08-21T23:26:49.835+01:00 DEBUG 16448 --- [o-auto-1-exec-4] o.s.w.s.m.m.a.HttpEntityMethodProcessor  : Using 'application/json', given [application/json, application/*+json] and supported [application/json, application/*+json]
2025-08-21T23:26:49.835+01:00 DEBUG 16448 --- [o-auto-1-exec-4] o.s.w.s.m.m.a.HttpEntityMethodProcessor  : Writing [com.tus.coupon.model.Coupon@6d2cc9cc]
2025-08-21T23:26:49.836+01:00 DEBUG 16448 --- [o-auto-1-exec-4] o.s.web.servlet.DispatcherServlet        : Completed 200 OK
2025-08-21T23:26:49.836+01:00 DEBUG 16448 --- [           main] o.s.web.client.RestTemplate              : Response 200 OK
2025-08-21T23:26:49.836+01:00 DEBUG 16448 --- [           main] o.s.web.client.RestTemplate              : Reading to [com.tus.coupon.model.Coupon]
2025-08-21T23:26:49.837+01:00 DEBUG 16448 --- [           main] o.s.web.client.RestTemplate              : HTTP GET http://localhost:56948/couponapi/coupons/EDGE_CASE_2024!
2025-08-21T23:26:49.838+01:00 DEBUG 16448 --- [           main] o.s.web.client.RestTemplate              : Accept=[application/json, application/*+json]
2025-08-21T23:26:49.840+01:00 DEBUG 16448 --- [o-auto-1-exec-5] o.s.web.servlet.DispatcherServlet        : GET "/couponapi/coupons/EDGE_CASE_2024!", parameters={}
2025-08-21T23:26:49.841+01:00 DEBUG 16448 --- [o-auto-1-exec-5] s.w.s.m.m.a.RequestMappingHandlerMapping : Mapped to com.tus.coupon.controller.CouponRestController#getCouponByCouponCode(String)
EDGE_CASE_2024!
2025-08-21T23:26:49.843+01:00 DEBUG 16448 --- [o-auto-1-exec-5] org.hibernate.SQL                        : 
    select
        c1_0.id,
        c1_0.code,
        c1_0.discount,
        c1_0.exp_date 
    from
        coupon c1_0 
    where
        c1_0.code=?
Hibernate: 
    select
        c1_0.id,
        c1_0.code,
        c1_0.discount,
        c1_0.exp_date 
    from
        coupon c1_0 
    where
        c1_0.code=?
2025-08-21T23:26:49.845+01:00 DEBUG 16448 --- [o-auto-1-exec-5] m.m.a.RequestResponseBodyMethodProcessor : Using 'application/json', given [application/json, application/*+json] and supported [application/json, application/*+json]
2025-08-21T23:26:49.845+01:00 DEBUG 16448 --- [o-auto-1-exec-5] m.m.a.RequestResponseBodyMethodProcessor : Writing [com.tus.coupon.model.Coupon@63635e6a]
2025-08-21T23:26:49.846+01:00 DEBUG 16448 --- [o-auto-1-exec-5] o.s.web.servlet.DispatcherServlet        : Completed 200 OK
2025-08-21T23:26:49.846+01:00 DEBUG 16448 --- [           main] o.s.web.client.RestTemplate              : Response 200 OK
2025-08-21T23:26:49.846+01:00 DEBUG 16448 --- [           main] o.s.web.client.RestTemplate              : Reading to [com.tus.coupon.model.Coupon]
]]></system-out>
  </testcase>
  <testcase name="shouldHandleNonExistentCouponGracefully" classname="com.tus.coupon.e2e.CouponServiceE2ETest" time="0.035">
    <system-out><![CDATA[2025-08-21T23:26:49.855+01:00 DEBUG 16448 --- [           main] org.hibernate.SQL                        : 
    select
        c1_0.id,
        c1_0.code,
        c1_0.discount,
        c1_0.exp_date 
    from
        coupon c1_0
Hibernate: 
    select
        c1_0.id,
        c1_0.code,
        c1_0.discount,
        c1_0.exp_date 
    from
        coupon c1_0
2025-08-21T23:26:49.861+01:00 DEBUG 16448 --- [           main] org.hibernate.SQL                        : 
    delete 
    from
        coupon 
    where
        id=?
Hibernate: 
    delete 
    from
        coupon 
    where
        id=?
2025-08-21T23:26:49.863+01:00 DEBUG 16448 --- [           main] org.hibernate.SQL                        : 
    delete 
    from
        coupon 
    where
        id=?
Hibernate: 
    delete 
    from
        coupon 
    where
        id=?
2025-08-21T23:26:49.864+01:00 DEBUG 16448 --- [           main] org.hibernate.SQL                        : 
    delete 
    from
        coupon 
    where
        id=?
Hibernate: 
    delete 
    from
        coupon 
    where
        id=?
2025-08-21T23:26:49.865+01:00 DEBUG 16448 --- [           main] org.hibernate.SQL                        : 
    delete 
    from
        coupon 
    where
        id=?
Hibernate: 
    delete 
    from
        coupon 
    where
        id=?
2025-08-21T23:26:49.866+01:00 DEBUG 16448 --- [           main] org.hibernate.SQL                        : 
    delete 
    from
        coupon 
    where
        id=?
Hibernate: 
    delete 
    from
        coupon 
    where
        id=?
2025-08-21T23:26:49.867+01:00 DEBUG 16448 --- [           main] org.hibernate.SQL                        : 
    delete 
    from
        coupon 
    where
        id=?
Hibernate: 
    delete 
    from
        coupon 
    where
        id=?
2025-08-21T23:26:49.867+01:00 DEBUG 16448 --- [           main] org.hibernate.SQL                        : 
    delete 
    from
        coupon 
    where
        id=?
Hibernate: 
    delete 
    from
        coupon 
    where
        id=?
2025-08-21T23:26:49.868+01:00 DEBUG 16448 --- [           main] org.hibernate.SQL                        : 
    delete 
    from
        coupon 
    where
        id=?
Hibernate: 
    delete 
    from
        coupon 
    where
        id=?
2025-08-21T23:26:49.868+01:00 DEBUG 16448 --- [           main] org.hibernate.SQL                        : 
    select
        count(*) 
    from
        coupon c1_0
Hibernate: 
    select
        count(*) 
    from
        coupon c1_0
2025-08-21T23:26:49.871+01:00 DEBUG 16448 --- [           main] o.s.web.client.RestTemplate              : HTTP GET http://localhost:56948/couponapi/coupons/NON_EXISTENT
2025-08-21T23:26:49.872+01:00 DEBUG 16448 --- [           main] o.s.web.client.RestTemplate              : Accept=[text/plain, application/json, application/*+json, */*]
2025-08-21T23:26:49.873+01:00 DEBUG 16448 --- [o-auto-1-exec-6] o.s.web.servlet.DispatcherServlet        : GET "/couponapi/coupons/NON_EXISTENT", parameters={}
2025-08-21T23:26:49.874+01:00 DEBUG 16448 --- [o-auto-1-exec-6] s.w.s.m.m.a.RequestMappingHandlerMapping : Mapped to com.tus.coupon.controller.CouponRestController#getCouponByCouponCode(String)
NON_EXISTENT
2025-08-21T23:26:49.876+01:00 DEBUG 16448 --- [o-auto-1-exec-6] org.hibernate.SQL                        : 
    select
        c1_0.id,
        c1_0.code,
        c1_0.discount,
        c1_0.exp_date 
    from
        coupon c1_0 
    where
        c1_0.code=?
Hibernate: 
    select
        c1_0.id,
        c1_0.code,
        c1_0.discount,
        c1_0.exp_date 
    from
        coupon c1_0 
    where
        c1_0.code=?
2025-08-21T23:26:49.878+01:00 DEBUG 16448 --- [o-auto-1-exec-6] m.m.a.RequestResponseBodyMethodProcessor : Using 'application/json', given [text/plain, application/json, application/*+json, */*] and supported [application/json, application/*+json]
2025-08-21T23:26:49.879+01:00 DEBUG 16448 --- [o-auto-1-exec-6] m.m.a.RequestResponseBodyMethodProcessor : Nothing to write: null body
2025-08-21T23:26:49.879+01:00 DEBUG 16448 --- [o-auto-1-exec-6] o.s.web.servlet.DispatcherServlet        : Completed 200 OK
2025-08-21T23:26:49.880+01:00 DEBUG 16448 --- [           main] o.s.web.client.RestTemplate              : Response 200 OK
]]></system-out>
  </testcase>
  <testcase name="shouldHandleMultipleCouponsInCompleteWorkflow" classname="com.tus.coupon.e2e.CouponServiceE2ETest" time="0.122">
    <failure message="&#10;Expected size: 3 but was: 11 in:&#10;[com.tus.coupon.model.Coupon@5c7e27c5,&#10;    com.tus.coupon.model.Coupon@2aca2697,&#10;    com.tus.coupon.model.Coupon@35623062,&#10;    com.tus.coupon.model.Coupon@299bafe9,&#10;    com.tus.coupon.model.Coupon@476e510,&#10;    com.tus.coupon.model.Coupon@7ff39597,&#10;    com.tus.coupon.model.Coupon@5bb64b2b,&#10;    com.tus.coupon.model.Coupon@2fa64353,&#10;    com.tus.coupon.model.Coupon@1ccb6dd2,&#10;    com.tus.coupon.model.Coupon@7ff70cf1,&#10;    com.tus.coupon.model.Coupon@16f1ef37]" type="java.lang.AssertionError"><![CDATA[java.lang.AssertionError: 

Expected size: 3 but was: 11 in:
[com.tus.coupon.model.Coupon@5c7e27c5,
    com.tus.coupon.model.Coupon@2aca2697,
    com.tus.coupon.model.Coupon@35623062,
    com.tus.coupon.model.Coupon@299bafe9,
    com.tus.coupon.model.Coupon@476e510,
    com.tus.coupon.model.Coupon@7ff39597,
    com.tus.coupon.model.Coupon@5bb64b2b,
    com.tus.coupon.model.Coupon@2fa64353,
    com.tus.coupon.model.Coupon@1ccb6dd2,
    com.tus.coupon.model.Coupon@7ff70cf1,
    com.tus.coupon.model.Coupon@16f1ef37]
	at com.tus.coupon.e2e.CouponServiceE2ETest.shouldHandleMultipleCouponsInCompleteWorkflow(CouponServiceE2ETest.java:142)
	at java.base/jdk.internal.reflect.DirectMethodHandleAccessor.invoke(DirectMethodHandleAccessor.java:103)
	at java.base/java.lang.reflect.Method.invoke(Method.java:580)
	at org.junit.platform.commons.util.ReflectionUtils.invokeMethod(ReflectionUtils.java:727)
	at org.junit.jupiter.engine.execution.MethodInvocation.proceed(MethodInvocation.java:60)
	at org.junit.jupiter.engine.execution.InvocationInterceptorChain$ValidatingInvocation.proceed(InvocationInterceptorChain.java:131)
	at org.junit.jupiter.engine.extension.TimeoutExtension.intercept(TimeoutExtension.java:156)
	at org.junit.jupiter.engine.extension.TimeoutExtension.interceptTestableMethod(TimeoutExtension.java:147)
	at org.junit.jupiter.engine.extension.TimeoutExtension.interceptTestMethod(TimeoutExtension.java:86)
	at org.junit.jupiter.engine.execution.InterceptingExecutableInvoker$ReflectiveInterceptorCall.lambda$ofVoidMethod$0(InterceptingExecutableInvoker.java:103)
	at org.junit.jupiter.engine.execution.InterceptingExecutableInvoker.lambda$invoke$0(InterceptingExecutableInvoker.java:93)
	at org.junit.jupiter.engine.execution.InvocationInterceptorChain$InterceptedInvocation.proceed(InvocationInterceptorChain.java:106)
	at org.junit.jupiter.engine.execution.InvocationInterceptorChain.proceed(InvocationInterceptorChain.java:64)
	at org.junit.jupiter.engine.execution.InvocationInterceptorChain.chainAndInvoke(InvocationInterceptorChain.java:45)
	at org.junit.jupiter.engine.execution.InvocationInterceptorChain.invoke(InvocationInterceptorChain.java:37)
	at org.junit.jupiter.engine.execution.InterceptingExecutableInvoker.invoke(InterceptingExecutableInvoker.java:92)
	at org.junit.jupiter.engine.execution.InterceptingExecutableInvoker.invoke(InterceptingExecutableInvoker.java:86)
	at org.junit.jupiter.engine.descriptor.TestMethodTestDescriptor.lambda$invokeTestMethod$7(TestMethodTestDescriptor.java:217)
	at org.junit.platform.engine.support.hierarchical.ThrowableCollector.execute(ThrowableCollector.java:73)
	at org.junit.jupiter.engine.descriptor.TestMethodTestDescriptor.invokeTestMethod(TestMethodTestDescriptor.java:213)
	at org.junit.jupiter.engine.descriptor.TestMethodTestDescriptor.execute(TestMethodTestDescriptor.java:138)
	at org.junit.jupiter.engine.descriptor.TestMethodTestDescriptor.execute(TestMethodTestDescriptor.java:68)
	at org.junit.platform.engine.support.hierarchical.NodeTestTask.lambda$executeRecursively$6(NodeTestTask.java:151)
	at org.junit.platform.engine.support.hierarchical.ThrowableCollector.execute(ThrowableCollector.java:73)
	at org.junit.platform.engine.support.hierarchical.NodeTestTask.lambda$executeRecursively$8(NodeTestTask.java:141)
	at org.junit.platform.engine.support.hierarchical.Node.around(Node.java:137)
	at org.junit.platform.engine.support.hierarchical.NodeTestTask.lambda$executeRecursively$9(NodeTestTask.java:139)
	at org.junit.platform.engine.support.hierarchical.ThrowableCollector.execute(ThrowableCollector.java:73)
	at org.junit.platform.engine.support.hierarchical.NodeTestTask.executeRecursively(NodeTestTask.java:138)
	at org.junit.platform.engine.support.hierarchical.NodeTestTask.execute(NodeTestTask.java:95)
	at java.base/java.util.ArrayList.forEach(ArrayList.java:1596)
	at org.junit.platform.engine.support.hierarchical.SameThreadHierarchicalTestExecutorService.invokeAll(SameThreadHierarchicalTestExecutorService.java:41)
	at org.junit.platform.engine.support.hierarchical.NodeTestTask.lambda$executeRecursively$6(NodeTestTask.java:155)
	at org.junit.platform.engine.support.hierarchical.ThrowableCollector.execute(ThrowableCollector.java:73)
	at org.junit.platform.engine.support.hierarchical.NodeTestTask.lambda$executeRecursively$8(NodeTestTask.java:141)
	at org.junit.platform.engine.support.hierarchical.Node.around(Node.java:137)
	at org.junit.platform.engine.support.hierarchical.NodeTestTask.lambda$executeRecursively$9(NodeTestTask.java:139)
	at org.junit.platform.engine.support.hierarchical.ThrowableCollector.execute(ThrowableCollector.java:73)
	at org.junit.platform.engine.support.hierarchical.NodeTestTask.executeRecursively(NodeTestTask.java:138)
	at org.junit.platform.engine.support.hierarchical.NodeTestTask.execute(NodeTestTask.java:95)
	at java.base/java.util.ArrayList.forEach(ArrayList.java:1596)
	at org.junit.platform.engine.support.hierarchical.SameThreadHierarchicalTestExecutorService.invokeAll(SameThreadHierarchicalTestExecutorService.java:41)
	at org.junit.platform.engine.support.hierarchical.NodeTestTask.lambda$executeRecursively$6(NodeTestTask.java:155)
	at org.junit.platform.engine.support.hierarchical.ThrowableCollector.execute(ThrowableCollector.java:73)
	at org.junit.platform.engine.support.hierarchical.NodeTestTask.lambda$executeRecursively$8(NodeTestTask.java:141)
	at org.junit.platform.engine.support.hierarchical.Node.around(Node.java:137)
	at org.junit.platform.engine.support.hierarchical.NodeTestTask.lambda$executeRecursively$9(NodeTestTask.java:139)
	at org.junit.platform.engine.support.hierarchical.ThrowableCollector.execute(ThrowableCollector.java:73)
	at org.junit.platform.engine.support.hierarchical.NodeTestTask.executeRecursively(NodeTestTask.java:138)
	at org.junit.platform.engine.support.hierarchical.NodeTestTask.execute(NodeTestTask.java:95)
	at org.junit.platform.engine.support.hierarchical.SameThreadHierarchicalTestExecutorService.submit(SameThreadHierarchicalTestExecutorService.java:35)
	at org.junit.platform.engine.support.hierarchical.HierarchicalTestExecutor.execute(HierarchicalTestExecutor.java:57)
	at org.junit.platform.engine.support.hierarchical.HierarchicalTestEngine.execute(HierarchicalTestEngine.java:54)
	at org.junit.platform.launcher.core.EngineExecutionOrchestrator.execute(EngineExecutionOrchestrator.java:147)
	at org.junit.platform.launcher.core.EngineExecutionOrchestrator.execute(EngineExecutionOrchestrator.java:127)
	at org.junit.platform.launcher.core.EngineExecutionOrchestrator.execute(EngineExecutionOrchestrator.java:90)
	at org.junit.platform.launcher.core.EngineExecutionOrchestrator.lambda$execute$0(EngineExecutionOrchestrator.java:55)
	at org.junit.platform.launcher.core.EngineExecutionOrchestrator.withInterceptedStreams(EngineExecutionOrchestrator.java:102)
	at org.junit.platform.launcher.core.EngineExecutionOrchestrator.execute(EngineExecutionOrchestrator.java:54)
	at org.junit.platform.launcher.core.DefaultLauncher.execute(DefaultLauncher.java:114)
	at org.junit.platform.launcher.core.DefaultLauncher.execute(DefaultLauncher.java:86)
	at org.junit.platform.launcher.core.DefaultLauncherSession$DelegatingLauncher.execute(DefaultLauncherSession.java:86)
	at org.apache.maven.surefire.junitplatform.LazyLauncher.execute(LazyLauncher.java:56)
	at org.apache.maven.surefire.junitplatform.JUnitPlatformProvider.execute(JUnitPlatformProvider.java:184)
	at org.apache.maven.surefire.junitplatform.JUnitPlatformProvider.invokeAllTests(JUnitPlatformProvider.java:148)
	at org.apache.maven.surefire.junitplatform.JUnitPlatformProvider.invoke(JUnitPlatformProvider.java:122)
	at org.apache.maven.surefire.booter.ForkedBooter.runSuitesInProcess(ForkedBooter.java:385)
	at org.apache.maven.surefire.booter.ForkedBooter.execute(ForkedBooter.java:162)
	at org.apache.maven.surefire.booter.ForkedBooter.run(ForkedBooter.java:507)
	at org.apache.maven.surefire.booter.ForkedBooter.main(ForkedBooter.java:495)
]]></failure>
    <system-out><![CDATA[2025-08-21T23:26:49.892+01:00 DEBUG 16448 --- [           main] org.hibernate.SQL                        : 
    select
        c1_0.id,
        c1_0.code,
        c1_0.discount,
        c1_0.exp_date 
    from
        coupon c1_0
Hibernate: 
    select
        c1_0.id,
        c1_0.code,
        c1_0.discount,
        c1_0.exp_date 
    from
        coupon c1_0
2025-08-21T23:26:49.896+01:00 DEBUG 16448 --- [           main] org.hibernate.SQL                        : 
    delete 
    from
        coupon 
    where
        id=?
Hibernate: 
    delete 
    from
        coupon 
    where
        id=?
2025-08-21T23:26:49.897+01:00 DEBUG 16448 --- [           main] org.hibernate.SQL                        : 
    delete 
    from
        coupon 
    where
        id=?
Hibernate: 
    delete 
    from
        coupon 
    where
        id=?
2025-08-21T23:26:49.898+01:00 DEBUG 16448 --- [           main] org.hibernate.SQL                        : 
    delete 
    from
        coupon 
    where
        id=?
Hibernate: 
    delete 
    from
        coupon 
    where
        id=?
2025-08-21T23:26:49.900+01:00 DEBUG 16448 --- [           main] org.hibernate.SQL                        : 
    delete 
    from
        coupon 
    where
        id=?
Hibernate: 
    delete 
    from
        coupon 
    where
        id=?
2025-08-21T23:26:49.900+01:00 DEBUG 16448 --- [           main] org.hibernate.SQL                        : 
    delete 
    from
        coupon 
    where
        id=?
Hibernate: 
    delete 
    from
        coupon 
    where
        id=?
2025-08-21T23:26:49.901+01:00 DEBUG 16448 --- [           main] org.hibernate.SQL                        : 
    delete 
    from
        coupon 
    where
        id=?
Hibernate: 
    delete 
    from
        coupon 
    where
        id=?
2025-08-21T23:26:49.902+01:00 DEBUG 16448 --- [           main] org.hibernate.SQL                        : 
    delete 
    from
        coupon 
    where
        id=?
Hibernate: 
    delete 
    from
        coupon 
    where
        id=?
2025-08-21T23:26:49.903+01:00 DEBUG 16448 --- [           main] org.hibernate.SQL                        : 
    delete 
    from
        coupon 
    where
        id=?
Hibernate: 
    delete 
    from
        coupon 
    where
        id=?
2025-08-21T23:26:49.904+01:00 DEBUG 16448 --- [           main] org.hibernate.SQL                        : 
    select
        count(*) 
    from
        coupon c1_0
Hibernate: 
    select
        count(*) 
    from
        coupon c1_0
2025-08-21T23:26:49.906+01:00 DEBUG 16448 --- [           main] o.s.web.client.RestTemplate              : HTTP POST http://localhost:56948/couponapi/coupons
2025-08-21T23:26:49.907+01:00 DEBUG 16448 --- [           main] o.s.web.client.RestTemplate              : Accept=[application/json, application/*+json]
2025-08-21T23:26:49.907+01:00 DEBUG 16448 --- [           main] o.s.web.client.RestTemplate              : Writing [com.tus.coupon.model.Coupon@65c26015] as "application/json"
2025-08-21T23:26:49.909+01:00 DEBUG 16448 --- [-auto-1-exec-10] o.s.web.servlet.DispatcherServlet        : POST "/couponapi/coupons", parameters={}
2025-08-21T23:26:49.910+01:00 DEBUG 16448 --- [-auto-1-exec-10] s.w.s.m.m.a.RequestMappingHandlerMapping : Mapped to com.tus.coupon.controller.CouponRestController#create(Coupon)
2025-08-21T23:26:49.911+01:00 DEBUG 16448 --- [-auto-1-exec-10] m.m.a.RequestResponseBodyMethodProcessor : Read "application/json;charset=UTF-8" to [com.tus.coupon.model.Coupon@1af0ca1a]
2025-08-21T23:26:49.912+01:00 DEBUG 16448 --- [-auto-1-exec-10] org.hibernate.SQL                        : 
    insert 
    into
        coupon
        (code,discount,exp_date,id) 
    values
        (?,?,?,default)
Hibernate: 
    insert 
    into
        coupon
        (code,discount,exp_date,id) 
    values
        (?,?,?,default)
2025-08-21T23:26:49.915+01:00 DEBUG 16448 --- [-auto-1-exec-10] o.s.w.s.m.m.a.HttpEntityMethodProcessor  : Using 'application/json', given [application/json, application/*+json] and supported [application/json, application/*+json]
2025-08-21T23:26:49.916+01:00 DEBUG 16448 --- [-auto-1-exec-10] o.s.w.s.m.m.a.HttpEntityMethodProcessor  : Writing [com.tus.coupon.model.Coupon@1af0ca1a]
2025-08-21T23:26:49.918+01:00 DEBUG 16448 --- [           main] o.s.web.client.RestTemplate              : Response 200 OK
2025-08-21T23:26:49.918+01:00 DEBUG 16448 --- [-auto-1-exec-10] o.s.web.servlet.DispatcherServlet        : Completed 200 OK
2025-08-21T23:26:49.918+01:00 DEBUG 16448 --- [           main] o.s.web.client.RestTemplate              : Reading to [com.tus.coupon.model.Coupon]
2025-08-21T23:26:49.922+01:00 DEBUG 16448 --- [           main] o.s.web.client.RestTemplate              : HTTP POST http://localhost:56948/couponapi/coupons
2025-08-21T23:26:49.923+01:00 DEBUG 16448 --- [           main] o.s.web.client.RestTemplate              : Accept=[application/json, application/*+json]
2025-08-21T23:26:49.923+01:00 DEBUG 16448 --- [           main] o.s.web.client.RestTemplate              : Writing [com.tus.coupon.model.Coupon@4136488] as "application/json"
2025-08-21T23:26:49.926+01:00 DEBUG 16448 --- [o-auto-1-exec-7] o.s.web.servlet.DispatcherServlet        : POST "/couponapi/coupons", parameters={}
2025-08-21T23:26:49.927+01:00 DEBUG 16448 --- [o-auto-1-exec-7] s.w.s.m.m.a.RequestMappingHandlerMapping : Mapped to com.tus.coupon.controller.CouponRestController#create(Coupon)
2025-08-21T23:26:49.928+01:00 DEBUG 16448 --- [o-auto-1-exec-7] m.m.a.RequestResponseBodyMethodProcessor : Read "application/json;charset=UTF-8" to [com.tus.coupon.model.Coupon@6e4f9484]
2025-08-21T23:26:49.930+01:00 DEBUG 16448 --- [o-auto-1-exec-7] org.hibernate.SQL                        : 
    insert 
    into
        coupon
        (code,discount,exp_date,id) 
    values
        (?,?,?,default)
Hibernate: 
    insert 
    into
        coupon
        (code,discount,exp_date,id) 
    values
        (?,?,?,default)
2025-08-21T23:26:49.936+01:00 DEBUG 16448 --- [o-auto-1-exec-7] o.s.w.s.m.m.a.HttpEntityMethodProcessor  : Using 'application/json', given [application/json, application/*+json] and supported [application/json, application/*+json]
2025-08-21T23:26:49.937+01:00 DEBUG 16448 --- [o-auto-1-exec-7] o.s.w.s.m.m.a.HttpEntityMethodProcessor  : Writing [com.tus.coupon.model.Coupon@6e4f9484]
2025-08-21T23:26:49.938+01:00 DEBUG 16448 --- [           main] o.s.web.client.RestTemplate              : Response 200 OK
2025-08-21T23:26:49.938+01:00 DEBUG 16448 --- [o-auto-1-exec-7] o.s.web.servlet.DispatcherServlet        : Completed 200 OK
2025-08-21T23:26:49.939+01:00 DEBUG 16448 --- [           main] o.s.web.client.RestTemplate              : Reading to [com.tus.coupon.model.Coupon]
2025-08-21T23:26:49.941+01:00 DEBUG 16448 --- [           main] o.s.web.client.RestTemplate              : HTTP POST http://localhost:56948/couponapi/coupons
2025-08-21T23:26:49.942+01:00 DEBUG 16448 --- [           main] o.s.web.client.RestTemplate              : Accept=[application/json, application/*+json]
2025-08-21T23:26:49.943+01:00 DEBUG 16448 --- [           main] o.s.web.client.RestTemplate              : Writing [com.tus.coupon.model.Coupon@1c3b4cb] as "application/json"
2025-08-21T23:26:49.946+01:00 DEBUG 16448 --- [o-auto-1-exec-9] o.s.web.servlet.DispatcherServlet        : POST "/couponapi/coupons", parameters={}
2025-08-21T23:26:49.948+01:00 DEBUG 16448 --- [o-auto-1-exec-9] s.w.s.m.m.a.RequestMappingHandlerMapping : Mapped to com.tus.coupon.controller.CouponRestController#create(Coupon)
2025-08-21T23:26:49.949+01:00 DEBUG 16448 --- [o-auto-1-exec-9] m.m.a.RequestResponseBodyMethodProcessor : Read "application/json;charset=UTF-8" to [com.tus.coupon.model.Coupon@738475ae]
2025-08-21T23:26:49.950+01:00 DEBUG 16448 --- [o-auto-1-exec-9] org.hibernate.SQL                        : 
    insert 
    into
        coupon
        (code,discount,exp_date,id) 
    values
        (?,?,?,default)
Hibernate: 
    insert 
    into
        coupon
        (code,discount,exp_date,id) 
    values
        (?,?,?,default)
2025-08-21T23:26:49.953+01:00 DEBUG 16448 --- [o-auto-1-exec-9] o.s.w.s.m.m.a.HttpEntityMethodProcessor  : Using 'application/json', given [application/json, application/*+json] and supported [application/json, application/*+json]
2025-08-21T23:26:49.954+01:00 DEBUG 16448 --- [o-auto-1-exec-9] o.s.w.s.m.m.a.HttpEntityMethodProcessor  : Writing [com.tus.coupon.model.Coupon@738475ae]
2025-08-21T23:26:49.955+01:00 DEBUG 16448 --- [           main] o.s.web.client.RestTemplate              : Response 200 OK
2025-08-21T23:26:49.955+01:00 DEBUG 16448 --- [o-auto-1-exec-9] o.s.web.servlet.DispatcherServlet        : Completed 200 OK
2025-08-21T23:26:49.955+01:00 DEBUG 16448 --- [           main] o.s.web.client.RestTemplate              : Reading to [com.tus.coupon.model.Coupon]
2025-08-21T23:26:49.957+01:00 DEBUG 16448 --- [           main] o.s.web.client.RestTemplate              : HTTP GET http://localhost:56948/couponapi/coupons/E2E_MULTI_1
2025-08-21T23:26:49.957+01:00 DEBUG 16448 --- [           main] o.s.web.client.RestTemplate              : Accept=[application/json, application/*+json]
2025-08-21T23:26:49.959+01:00 DEBUG 16448 --- [o-auto-1-exec-8] o.s.web.servlet.DispatcherServlet        : GET "/couponapi/coupons/E2E_MULTI_1", parameters={}
2025-08-21T23:26:49.960+01:00 DEBUG 16448 --- [o-auto-1-exec-8] s.w.s.m.m.a.RequestMappingHandlerMapping : Mapped to com.tus.coupon.controller.CouponRestController#getCouponByCouponCode(String)
E2E_MULTI_1
2025-08-21T23:26:49.963+01:00 DEBUG 16448 --- [o-auto-1-exec-8] org.hibernate.SQL                        : 
    select
        c1_0.id,
        c1_0.code,
        c1_0.discount,
        c1_0.exp_date 
    from
        coupon c1_0 
    where
        c1_0.code=?
Hibernate: 
    select
        c1_0.id,
        c1_0.code,
        c1_0.discount,
        c1_0.exp_date 
    from
        coupon c1_0 
    where
        c1_0.code=?
2025-08-21T23:26:49.965+01:00 DEBUG 16448 --- [o-auto-1-exec-8] m.m.a.RequestResponseBodyMethodProcessor : Using 'application/json', given [application/json, application/*+json] and supported [application/json, application/*+json]
2025-08-21T23:26:49.965+01:00 DEBUG 16448 --- [o-auto-1-exec-8] m.m.a.RequestResponseBodyMethodProcessor : Writing [com.tus.coupon.model.Coupon@3d1a3320]
2025-08-21T23:26:49.968+01:00 DEBUG 16448 --- [           main] o.s.web.client.RestTemplate              : Response 200 OK
2025-08-21T23:26:49.968+01:00 DEBUG 16448 --- [o-auto-1-exec-8] o.s.web.servlet.DispatcherServlet        : Completed 200 OK
2025-08-21T23:26:49.968+01:00 DEBUG 16448 --- [           main] o.s.web.client.RestTemplate              : Reading to [com.tus.coupon.model.Coupon]
2025-08-21T23:26:49.970+01:00 DEBUG 16448 --- [           main] o.s.web.client.RestTemplate              : HTTP GET http://localhost:56948/couponapi/coupons/E2E_MULTI_2
2025-08-21T23:26:49.971+01:00 DEBUG 16448 --- [           main] o.s.web.client.RestTemplate              : Accept=[application/json, application/*+json]
2025-08-21T23:26:49.973+01:00 DEBUG 16448 --- [o-auto-1-exec-1] o.s.web.servlet.DispatcherServlet        : GET "/couponapi/coupons/E2E_MULTI_2", parameters={}
2025-08-21T23:26:49.974+01:00 DEBUG 16448 --- [o-auto-1-exec-1] s.w.s.m.m.a.RequestMappingHandlerMapping : Mapped to com.tus.coupon.controller.CouponRestController#getCouponByCouponCode(String)
E2E_MULTI_2
2025-08-21T23:26:49.977+01:00 DEBUG 16448 --- [o-auto-1-exec-1] org.hibernate.SQL                        : 
    select
        c1_0.id,
        c1_0.code,
        c1_0.discount,
        c1_0.exp_date 
    from
        coupon c1_0 
    where
        c1_0.code=?
Hibernate: 
    select
        c1_0.id,
        c1_0.code,
        c1_0.discount,
        c1_0.exp_date 
    from
        coupon c1_0 
    where
        c1_0.code=?
2025-08-21T23:26:49.979+01:00 DEBUG 16448 --- [o-auto-1-exec-1] m.m.a.RequestResponseBodyMethodProcessor : Using 'application/json', given [application/json, application/*+json] and supported [application/json, application/*+json]
2025-08-21T23:26:49.979+01:00 DEBUG 16448 --- [o-auto-1-exec-1] m.m.a.RequestResponseBodyMethodProcessor : Writing [com.tus.coupon.model.Coupon@31f20100]
2025-08-21T23:26:49.980+01:00 DEBUG 16448 --- [o-auto-1-exec-1] o.s.web.servlet.DispatcherServlet        : Completed 200 OK
2025-08-21T23:26:49.980+01:00 DEBUG 16448 --- [           main] o.s.web.client.RestTemplate              : Response 200 OK
2025-08-21T23:26:49.980+01:00 DEBUG 16448 --- [           main] o.s.web.client.RestTemplate              : Reading to [com.tus.coupon.model.Coupon]
2025-08-21T23:26:49.982+01:00 DEBUG 16448 --- [           main] o.s.web.client.RestTemplate              : HTTP GET http://localhost:56948/couponapi/coupons/E2E_MULTI_3
2025-08-21T23:26:49.983+01:00 DEBUG 16448 --- [           main] o.s.web.client.RestTemplate              : Accept=[application/json, application/*+json]
2025-08-21T23:26:49.985+01:00 DEBUG 16448 --- [o-auto-1-exec-2] o.s.web.servlet.DispatcherServlet        : GET "/couponapi/coupons/E2E_MULTI_3", parameters={}
2025-08-21T23:26:49.985+01:00 DEBUG 16448 --- [o-auto-1-exec-2] s.w.s.m.m.a.RequestMappingHandlerMapping : Mapped to com.tus.coupon.controller.CouponRestController#getCouponByCouponCode(String)
E2E_MULTI_3
2025-08-21T23:26:49.988+01:00 DEBUG 16448 --- [o-auto-1-exec-2] org.hibernate.SQL                        : 
    select
        c1_0.id,
        c1_0.code,
        c1_0.discount,
        c1_0.exp_date 
    from
        coupon c1_0 
    where
        c1_0.code=?
Hibernate: 
    select
        c1_0.id,
        c1_0.code,
        c1_0.discount,
        c1_0.exp_date 
    from
        coupon c1_0 
    where
        c1_0.code=?
2025-08-21T23:26:49.990+01:00 DEBUG 16448 --- [o-auto-1-exec-2] m.m.a.RequestResponseBodyMethodProcessor : Using 'application/json', given [application/json, application/*+json] and supported [application/json, application/*+json]
2025-08-21T23:26:49.990+01:00 DEBUG 16448 --- [o-auto-1-exec-2] m.m.a.RequestResponseBodyMethodProcessor : Writing [com.tus.coupon.model.Coupon@2111ca6]
2025-08-21T23:26:49.991+01:00 DEBUG 16448 --- [o-auto-1-exec-2] o.s.web.servlet.DispatcherServlet        : Completed 200 OK
2025-08-21T23:26:49.991+01:00 DEBUG 16448 --- [           main] o.s.web.client.RestTemplate              : Response 200 OK
2025-08-21T23:26:49.991+01:00 DEBUG 16448 --- [           main] o.s.web.client.RestTemplate              : Reading to [com.tus.coupon.model.Coupon]
2025-08-21T23:26:49.993+01:00 DEBUG 16448 --- [           main] o.s.web.client.RestTemplate              : HTTP GET http://localhost:56948/couponapi/coupons
2025-08-21T23:26:49.993+01:00 DEBUG 16448 --- [           main] o.s.web.client.RestTemplate              : Accept=[application/json, application/*+json]
2025-08-21T23:26:49.996+01:00 DEBUG 16448 --- [o-auto-1-exec-3] o.s.web.servlet.DispatcherServlet        : GET "/couponapi/coupons", parameters={}
2025-08-21T23:26:49.997+01:00 DEBUG 16448 --- [o-auto-1-exec-3] s.w.s.m.m.a.RequestMappingHandlerMapping : Mapped to com.tus.coupon.controller.CouponRestController#getAllCoupons()
2025-08-21T23:26:49.999+01:00 DEBUG 16448 --- [o-auto-1-exec-3] org.hibernate.SQL                        : 
    select
        c1_0.id,
        c1_0.code,
        c1_0.discount,
        c1_0.exp_date 
    from
        coupon c1_0
Hibernate: 
    select
        c1_0.id,
        c1_0.code,
        c1_0.discount,
        c1_0.exp_date 
    from
        coupon c1_0
2025-08-21T23:26:50.003+01:00 DEBUG 16448 --- [o-auto-1-exec-3] m.m.a.RequestResponseBodyMethodProcessor : Using 'application/json', given [application/json, application/*+json] and supported [application/json, application/*+json]
2025-08-21T23:26:50.004+01:00 DEBUG 16448 --- [o-auto-1-exec-3] m.m.a.RequestResponseBodyMethodProcessor : Writing [[com.tus.coupon.model.Coupon@6fac0dcb, com.tus.coupon.model.Coupon@580d1c8f, com.tus.coupon.model.Co (truncated)...]
2025-08-21T23:26:50.005+01:00 DEBUG 16448 --- [           main] o.s.web.client.RestTemplate              : Response 200 OK
2025-08-21T23:26:50.005+01:00 DEBUG 16448 --- [o-auto-1-exec-3] o.s.web.servlet.DispatcherServlet        : Completed 200 OK
2025-08-21T23:26:50.005+01:00 DEBUG 16448 --- [           main] o.s.web.client.RestTemplate              : Reading to [com.tus.coupon.model.Coupon[]]
]]></system-out>
  </testcase>
</testsuite>