<?xml version="1.0" encoding="UTF-8"?>
<testsuite xmlns:xsi="http://www.w3.org/2001/XMLSchema-instance" xsi:noNamespaceSchemaLocation="https://maven.apache.org/surefire/maven-surefire-plugin/xsd/surefire-test-report-3.0.xsd" version="3.0" name="com.tus.coupon.repo.CouponRepoTest" time="0.523" tests="10" errors="0" skipped="0" failures="0">
  <properties>
[...]
</properties>
  <testcase name="shouldHandleCaseSensitiveCodeSearch" classname="com.tus.coupon.repo.CouponRepoTest" time="0.014">
    <system-out><![CDATA[2025-08-21T23:26:50.959+01:00  INFO 16448 --- [           main] t.c.s.AnnotationConfigContextLoaderUtils : Could not detect default configuration classes for test class [com.tus.coupon.repo.CouponRepoTest]: CouponRepoTest does not declare any static, non-private, non-final, nested classes annotated with @Configuration.
2025-08-21T23:26:50.978+01:00  INFO 16448 --- [           main] .b.t.c.SpringBootTestContextBootstrapper : Found @SpringBootConfiguration com.tus.coupon.CouponserviceApplication for test class com.tus.coupon.repo.CouponRepoTest

  .   ____          _            __ _ _
 /\\ / ___'_ __ _ _(_)_ __  __ _ \ \ \ \
( ( )\___ | '_ | '_| | '_ \/ _` | \ \ \ \
 \\/  ___)| |_)| | | | | || (_| |  ) ) ) )
  '  |____| .__|_| |_|_| |_\__, | / / / /
 =========|_|==============|___/=/_/_/_/
 :: Spring Boot ::                (v3.1.4)

2025-08-21T23:26:51.026+01:00  INFO 16448 --- [           main] com.tus.coupon.repo.CouponRepoTest       : Starting CouponRepoTest using Java 21.0.5 with PID 16448 (started by kodes in C:\couponservice)
2025-08-21T23:26:51.026+01:00 DEBUG 16448 --- [           main] com.tus.coupon.repo.CouponRepoTest       : Running with Spring Boot v3.1.4, Spring v6.0.12
2025-08-21T23:26:51.026+01:00  INFO 16448 --- [           main] com.tus.coupon.repo.CouponRepoTest       : The following 1 profile is active: "test"
2025-08-21T23:26:51.125+01:00  INFO 16448 --- [           main] .s.d.r.c.RepositoryConfigurationDelegate : Bootstrapping Spring Data JPA repositories in DEFAULT mode.
2025-08-21T23:26:51.135+01:00  INFO 16448 --- [           main] .s.d.r.c.RepositoryConfigurationDelegate : Finished Spring Data repository scanning in 9 ms. Found 1 JPA repository interfaces.
2025-08-21T23:26:51.147+01:00  INFO 16448 --- [           main] beddedDataSourceBeanFactoryPostProcessor : Replacing 'dataSource' DataSource bean with embedded version
2025-08-21T23:26:51.187+01:00  INFO 16448 --- [           main] o.s.j.d.e.EmbeddedDatabaseFactory        : Starting embedded database: url='jdbc:h2:mem:f1b3c80a-8524-47a4-a388-41bfa94f8287;DB_CLOSE_DELAY=-1;DB_CLOSE_ON_EXIT=false', username='sa'
2025-08-21T23:26:51.222+01:00  INFO 16448 --- [           main] o.hibernate.jpa.internal.util.LogHelper  : HHH000204: Processing PersistenceUnitInfo [name: default]
2025-08-21T23:26:51.237+01:00  INFO 16448 --- [           main] o.h.b.i.BytecodeProviderInitiator        : HHH000021: Bytecode provider name : bytebuddy
2025-08-21T23:26:51.237+01:00  INFO 16448 --- [           main] o.s.o.j.p.SpringPersistenceUnitInfo      : No LoadTimeWeaver setup: ignoring JPA class transformer
2025-08-21T23:26:51.250+01:00  INFO 16448 --- [           main] o.h.b.i.BytecodeProviderInitiator        : HHH000021: Bytecode provider name : bytebuddy
2025-08-21T23:26:51.289+01:00  INFO 16448 --- [           main] o.h.e.t.j.p.i.JtaPlatformInitiator       : HHH000490: Using JtaPlatform implementation: [org.hibernate.engine.transaction.jta.platform.internal.NoJtaPlatform]
2025-08-21T23:26:51.290+01:00 DEBUG 16448 --- [           main] org.hibernate.SQL                        : 
    drop table if exists coupon cascade 
Hibernate: 
    drop table if exists coupon cascade 
2025-08-21T23:26:51.291+01:00 DEBUG 16448 --- [           main] org.hibernate.SQL                        : 
    create table coupon (
        discount numeric(38,2),
        id bigint generated by default as identity,
        code varchar(255),
        exp_date varchar(255),
        primary key (id)
    )
Hibernate: 
    create table coupon (
        discount numeric(38,2),
        id bigint generated by default as identity,
        code varchar(255),
        exp_date varchar(255),
        primary key (id)
    )
2025-08-21T23:26:51.295+01:00  INFO 16448 --- [           main] j.LocalContainerEntityManagerFactoryBean : Initialized JPA EntityManagerFactory for persistence unit 'default'
2025-08-21T23:26:51.353+01:00  INFO 16448 --- [           main] com.tus.coupon.repo.CouponRepoTest       : Started CouponRepoTest in 0.372 seconds (process running for 16.849)
2025-08-21T23:26:51.360+01:00 DEBUG 16448 --- [           main] org.hibernate.SQL                        : 
    insert 
    into
        coupon
        (code,discount,exp_date,id) 
    values
        (?,?,?,default)
Hibernate: 
    insert 
    into
        coupon
        (code,discount,exp_date,id) 
    values
        (?,?,?,default)
2025-08-21T23:26:51.365+01:00 DEBUG 16448 --- [           main] org.hibernate.SQL                        : 
    select
        c1_0.id,
        c1_0.code,
        c1_0.discount,
        c1_0.exp_date 
    from
        coupon c1_0 
    where
        c1_0.code=?
Hibernate: 
    select
        c1_0.id,
        c1_0.code,
        c1_0.discount,
        c1_0.exp_date 
    from
        coupon c1_0 
    where
        c1_0.code=?
2025-08-21T23:26:51.367+01:00 DEBUG 16448 --- [           main] org.hibernate.SQL                        : 
    select
        c1_0.id,
        c1_0.code,
        c1_0.discount,
        c1_0.exp_date 
    from
        coupon c1_0 
    where
        c1_0.code=?
Hibernate: 
    select
        c1_0.id,
        c1_0.code,
        c1_0.discount,
        c1_0.exp_date 
    from
        coupon c1_0 
    where
        c1_0.code=?
2025-08-21T23:26:51.368+01:00 DEBUG 16448 --- [           main] org.hibernate.SQL                        : 
    select
        c1_0.id,
        c1_0.code,
        c1_0.discount,
        c1_0.exp_date 
    from
        coupon c1_0 
    where
        c1_0.code=?
Hibernate: 
    select
        c1_0.id,
        c1_0.code,
        c1_0.discount,
        c1_0.exp_date 
    from
        coupon c1_0 
    where
        c1_0.code=?
]]></system-out>
  </testcase>
  <testcase name="shouldFindCouponById" classname="com.tus.coupon.repo.CouponRepoTest" time="0.011">
    <system-out><![CDATA[2025-08-21T23:26:51.374+01:00 DEBUG 16448 --- [           main] org.hibernate.SQL                        : 
    insert 
    into
        coupon
        (code,discount,exp_date,id) 
    values
        (?,?,?,default)
Hibernate: 
    insert 
    into
        coupon
        (code,discount,exp_date,id) 
    values
        (?,?,?,default)
]]></system-out>
  </testcase>
  <testcase name="shouldSaveAndRetrieveCoupon" classname="com.tus.coupon.repo.CouponRepoTest" time="0.009">
    <system-out><![CDATA[2025-08-21T23:26:51.387+01:00 DEBUG 16448 --- [           main] org.hibernate.SQL                        : 
    insert 
    into
        coupon
        (code,discount,exp_date,id) 
    values
        (?,?,?,default)
Hibernate: 
    insert 
    into
        coupon
        (code,discount,exp_date,id) 
    values
        (?,?,?,default)
]]></system-out>
  </testcase>
  <testcase name="shouldReturnEmptyOptionalWhenIdNotFound" classname="com.tus.coupon.repo.CouponRepoTest" time="0.009">
    <system-out><![CDATA[2025-08-21T23:26:51.398+01:00 DEBUG 16448 --- [           main] org.hibernate.SQL                        : 
    select
        c1_0.id,
        c1_0.code,
        c1_0.discount,
        c1_0.exp_date 
    from
        coupon c1_0 
    where
        c1_0.id=?
Hibernate: 
    select
        c1_0.id,
        c1_0.code,
        c1_0.discount,
        c1_0.exp_date 
    from
        coupon c1_0 
    where
        c1_0.id=?
]]></system-out>
  </testcase>
  <testcase name="shouldFindAllCoupons" classname="com.tus.coupon.repo.CouponRepoTest" time="0.026">
    <system-out><![CDATA[2025-08-21T23:26:51.406+01:00 DEBUG 16448 --- [           main] org.hibernate.SQL                        : 
    insert 
    into
        coupon
        (code,discount,exp_date,id) 
    values
        (?,?,?,default)
Hibernate: 
    insert 
    into
        coupon
        (code,discount,exp_date,id) 
    values
        (?,?,?,default)
2025-08-21T23:26:51.408+01:00 DEBUG 16448 --- [           main] org.hibernate.SQL                        : 
    insert 
    into
        coupon
        (code,discount,exp_date,id) 
    values
        (?,?,?,default)
Hibernate: 
    insert 
    into
        coupon
        (code,discount,exp_date,id) 
    values
        (?,?,?,default)
2025-08-21T23:26:51.411+01:00 DEBUG 16448 --- [           main] org.hibernate.SQL                        : 
    select
        c1_0.id,
        c1_0.code,
        c1_0.discount,
        c1_0.exp_date 
    from
        coupon c1_0
Hibernate: 
    select
        c1_0.id,
        c1_0.code,
        c1_0.discount,
        c1_0.exp_date 
    from
        coupon c1_0
]]></system-out>
  </testcase>
  <testcase name="shouldUpdateCoupon" classname="com.tus.coupon.repo.CouponRepoTest" time="0.01">
    <system-out><![CDATA[2025-08-21T23:26:51.431+01:00 DEBUG 16448 --- [           main] org.hibernate.SQL                        : 
    insert 
    into
        coupon
        (code,discount,exp_date,id) 
    values
        (?,?,?,default)
Hibernate: 
    insert 
    into
        coupon
        (code,discount,exp_date,id) 
    values
        (?,?,?,default)
]]></system-out>
  </testcase>
  <testcase name="shouldDeleteCoupon" classname="com.tus.coupon.repo.CouponRepoTest" time="0.009">
    <system-out><![CDATA[2025-08-21T23:26:51.442+01:00 DEBUG 16448 --- [           main] org.hibernate.SQL                        : 
    insert 
    into
        coupon
        (code,discount,exp_date,id) 
    values
        (?,?,?,default)
Hibernate: 
    insert 
    into
        coupon
        (code,discount,exp_date,id) 
    values
        (?,?,?,default)
2025-08-21T23:26:51.446+01:00 DEBUG 16448 --- [           main] org.hibernate.SQL                        : 
    delete 
    from
        coupon 
    where
        id=?
Hibernate: 
    delete 
    from
        coupon 
    where
        id=?
2025-08-21T23:26:51.447+01:00 DEBUG 16448 --- [           main] org.hibernate.SQL                        : 
    select
        c1_0.id,
        c1_0.code,
        c1_0.discount,
        c1_0.exp_date 
    from
        coupon c1_0 
    where
        c1_0.id=?
Hibernate: 
    select
        c1_0.id,
        c1_0.code,
        c1_0.discount,
        c1_0.exp_date 
    from
        coupon c1_0 
    where
        c1_0.id=?
]]></system-out>
  </testcase>
  <testcase name="shouldReturnNullWhenCouponCodeNotFound" classname="com.tus.coupon.repo.CouponRepoTest" time="0.006">
    <system-out><![CDATA[2025-08-21T23:26:51.454+01:00 DEBUG 16448 --- [           main] org.hibernate.SQL                        : 
    select
        c1_0.id,
        c1_0.code,
        c1_0.discount,
        c1_0.exp_date 
    from
        coupon c1_0 
    where
        c1_0.code=?
Hibernate: 
    select
        c1_0.id,
        c1_0.code,
        c1_0.discount,
        c1_0.exp_date 
    from
        coupon c1_0 
    where
        c1_0.code=?
]]></system-out>
  </testcase>
  <testcase name="shouldCountTotalCoupons" classname="com.tus.coupon.repo.CouponRepoTest" time="0.01">
    <system-out><![CDATA[2025-08-21T23:26:51.459+01:00 DEBUG 16448 --- [           main] org.hibernate.SQL                        : 
    insert 
    into
        coupon
        (code,discount,exp_date,id) 
    values
        (?,?,?,default)
Hibernate: 
    insert 
    into
        coupon
        (code,discount,exp_date,id) 
    values
        (?,?,?,default)
2025-08-21T23:26:51.461+01:00 DEBUG 16448 --- [           main] org.hibernate.SQL                        : 
    insert 
    into
        coupon
        (code,discount,exp_date,id) 
    values
        (?,?,?,default)
Hibernate: 
    insert 
    into
        coupon
        (code,discount,exp_date,id) 
    values
        (?,?,?,default)
2025-08-21T23:26:51.462+01:00 DEBUG 16448 --- [           main] org.hibernate.SQL                        : 
    insert 
    into
        coupon
        (code,discount,exp_date,id) 
    values
        (?,?,?,default)
Hibernate: 
    insert 
    into
        coupon
        (code,discount,exp_date,id) 
    values
        (?,?,?,default)
2025-08-21T23:26:51.465+01:00 DEBUG 16448 --- [           main] org.hibernate.SQL                        : 
    select
        count(*) 
    from
        coupon c1_0
Hibernate: 
    select
        count(*) 
    from
        coupon c1_0
]]></system-out>
  </testcase>
  <testcase name="shouldFindCouponByCode" classname="com.tus.coupon.repo.CouponRepoTest" time="0.007">
    <system-out><![CDATA[2025-08-21T23:26:51.470+01:00 DEBUG 16448 --- [           main] org.hibernate.SQL                        : 
    insert 
    into
        coupon
        (code,discount,exp_date,id) 
    values
        (?,?,?,default)
Hibernate: 
    insert 
    into
        coupon
        (code,discount,exp_date,id) 
    values
        (?,?,?,default)
2025-08-21T23:26:51.473+01:00 DEBUG 16448 --- [           main] org.hibernate.SQL                        : 
    select
        c1_0.id,
        c1_0.code,
        c1_0.discount,
        c1_0.exp_date 
    from
        coupon c1_0 
    where
        c1_0.code=?
Hibernate: 
    select
        c1_0.id,
        c1_0.code,
        c1_0.discount,
        c1_0.exp_date 
    from
        coupon c1_0 
    where
        c1_0.code=?
]]></system-out>
  </testcase>
</testsuite>